
Tue Aug  5 15:29:48 CST 2014

/data/sdd1/xiaodi/data $ du -h ../spark/work/
147M    ../spark/work/app-20140724200450-0004/3
147M    ../spark/work/app-20140724200450-0004/0
147M    ../spark/work/app-20140724200450-0004/5
147M    ../spark/work/app-20140724200450-0004/4
147M    ../spark/work/app-20140724200450-0004/2
147M    ../spark/work/app-20140724200450-0004/1
879M    ../spark/work/app-20140724200450-0004
147M    ../spark/work/app-20140725115725-0006/3
147M    ../spark/work/app-20140725115725-0006/0
147M    ../spark/work/app-20140725115725-0006/5
147M    ../spark/work/app-20140725115725-0006/4
147M    ../spark/work/app-20140725115725-0006/2
147M    ../spark/work/app-20140725115725-0006/1
879M    ../spark/work/app-20140725115725-0006
147M    ../spark/work/app-20140728171804-0000/3
147M    ../spark/work/app-20140728171804-0000/0
147M    ../spark/work/app-20140728171804-0000/5
147M    ../spark/work/app-20140728171804-0000/4
147M    ../spark/work/app-20140728171804-0000/2
147M    ../spark/work/app-20140728171804-0000/1
881M    ../spark/work/app-20140728171804-0000
8.0K    ../spark/work/app-20140725220007-0001/3
8.0K    ../spark/work/app-20140725220007-0001/0
147M    ../spark/work/app-20140725220007-0001/5
147M    ../spark/work/app-20140725220007-0001/4
8.0K    ../spark/work/app-20140725220007-0001/2
147M    ../spark/work/app-20140725220007-0001/1
440M    ../spark/work/app-20140725220007-0001
148M    ../spark/work/app-20140801171537-0000/3
148M    ../spark/work/app-20140801171537-0000/0
148M    ../spark/work/app-20140801171537-0000/5
148M    ../spark/work/app-20140801171537-0000/4
148M    ../spark/work/app-20140801171537-0000/2
148M    ../spark/work/app-20140801171537-0000/1
887M    ../spark/work/app-20140801171537-0000
147M    ../spark/work/app-20140725210343-0009/3
147M    ../spark/work/app-20140725210343-0009/0
8.0K    ../spark/work/app-20140725210343-0009/5
147M    ../spark/work/app-20140725210343-0009/4
8.0K    ../spark/work/app-20140725210343-0009/2
147M    ../spark/work/app-20140725210343-0009/1
586M    ../spark/work/app-20140725210343-0009
147M    ../spark/work/app-20140725154043-0003/3
147M    ../spark/work/app-20140725154043-0003/0
147M    ../spark/work/app-20140725154043-0003/5
147M    ../spark/work/app-20140725154043-0003/4
147M    ../spark/work/app-20140725154043-0003/2
147M    ../spark/work/app-20140725154043-0003/1
879M    ../spark/work/app-20140725154043-0003
147M    ../spark/work/app-20140801143529-0009/3
147M    ../spark/work/app-20140801143529-0009/0
147M    ../spark/work/app-20140801143529-0009/5
147M    ../spark/work/app-20140801143529-0009/4
147M    ../spark/work/app-20140801143529-0009/2
147M    ../spark/work/app-20140801143529-0009/1
880M    ../spark/work/app-20140801143529-0009
149M    ../spark/work/app-20140801154605-0000/3
149M    ../spark/work/app-20140801154605-0000/0
149M    ../spark/work/app-20140801154605-0000/4
149M    ../spark/work/app-20140801154605-0000/2
149M    ../spark/work/app-20140801154605-0000/1
745M    ../spark/work/app-20140801154605-0000
147M    ../spark/work/app-20140724191418-0000/3
147M    ../spark/work/app-20140724191418-0000/0
147M    ../spark/work/app-20140724191418-0000/5
147M    ../spark/work/app-20140724191418-0000/4
147M    ../spark/work/app-20140724191418-0000/2
147M    ../spark/work/app-20140724191418-0000/1
879M    ../spark/work/app-20140724191418-0000
12K     ../spark/work/app-20140723172300-0000/3
12K     ../spark/work/app-20140723172300-0000/9
12K     ../spark/work/app-20140723172300-0000/0
16K     ../spark/work/app-20140723172300-0000/5
12K     ../spark/work/app-20140723172300-0000/4
12K     ../spark/work/app-20140723172300-0000/6
16K     ../spark/work/app-20140723172300-0000/2
12K     ../spark/work/app-20140723172300-0000/8
16K     ../spark/work/app-20140723172300-0000/1
16K     ../spark/work/app-20140723172300-0000/7
140K    ../spark/work/app-20140723172300-0000
147M    ../spark/work/app-20140801144834-0010/3
147M    ../spark/work/app-20140801144834-0010/0
147M    ../spark/work/app-20140801144834-0010/5
147M    ../spark/work/app-20140801144834-0010/4
147M    ../spark/work/app-20140801144834-0010/2
147M    ../spark/work/app-20140801144834-0010/1
881M    ../spark/work/app-20140801144834-0010
8.0K    ../spark/work/app-20140725220645-0004/3
8.0K    ../spark/work/app-20140725220645-0004/0
8.0K    ../spark/work/app-20140725220645-0004/5
8.0K    ../spark/work/app-20140725220645-0004/4
8.0K    ../spark/work/app-20140725220645-0004/2
8.0K    ../spark/work/app-20140725220645-0004/1
52K     ../spark/work/app-20140725220645-0004
8.0K    ../spark/work/app-20140724160846-0000/3
8.0K    ../spark/work/app-20140724160846-0000/0
8.0K    ../spark/work/app-20140724160846-0000/5
8.0K    ../spark/work/app-20140724160846-0000/4
8.0K    ../spark/work/app-20140724160846-0000/2
147M    ../spark/work/app-20140724160846-0000/1
147M    ../spark/work/app-20140724160846-0000
40K     ../spark/work/app-20140805104051-0000/3
40K     ../spark/work/app-20140805104051-0000/0
24K     ../spark/work/app-20140805104051-0000/5
28K     ../spark/work/app-20140805104051-0000/4
24K     ../spark/work/app-20140805104051-0000/2
36K     ../spark/work/app-20140805104051-0000/1
196K    ../spark/work/app-20140805104051-0000
151M    ../spark/work/app-20140725205142-0005/3
151M    ../spark/work/app-20140725205142-0005/0
151M    ../spark/work/app-20140725205142-0005/5
151M    ../spark/work/app-20140725205142-0005/4
151M    ../spark/work/app-20140725205142-0005/2
151M    ../spark/work/app-20140725205142-0005/1
902M    ../spark/work/app-20140725205142-0005
147M    ../spark/work/app-20140729163910-0003/3
147M    ../spark/work/app-20140729163910-0003/0
147M    ../spark/work/app-20140729163910-0003/5
147M    ../spark/work/app-20140729163910-0003/4
147M    ../spark/work/app-20140729163910-0003/2
147M    ../spark/work/app-20140729163910-0003/1
879M    ../spark/work/app-20140729163910-0003
147M    ../spark/work/app-20140725112006-0000/3
147M    ../spark/work/app-20140725112006-0000/0
147M    ../spark/work/app-20140725112006-0000/5
147M    ../spark/work/app-20140725112006-0000/4
147M    ../spark/work/app-20140725112006-0000/2
147M    ../spark/work/app-20140725112006-0000/1
879M    ../spark/work/app-20140725112006-0000
147M    ../spark/work/app-20140728172656-0004/3
147M    ../spark/work/app-20140728172656-0004/0
147M    ../spark/work/app-20140728172656-0004/5
147M    ../spark/work/app-20140728172656-0004/4
147M    ../spark/work/app-20140728172656-0004/2
147M    ../spark/work/app-20140728172656-0004/1
881M    ../spark/work/app-20140728172656-0004
4.0K    ../spark/work/app-20140725210343-0006/13
8.0K    ../spark/work/app-20140725210343-0006/3
8.0K    ../spark/work/app-20140725210343-0006/9
8.0K    ../spark/work/app-20140725210343-0006/0
8.0K    ../spark/work/app-20140725210343-0006/5
8.0K    ../spark/work/app-20140725210343-0006/4
8.0K    ../spark/work/app-20140725210343-0006/6
8.0K    ../spark/work/app-20140725210343-0006/2
8.0K    ../spark/work/app-20140725210343-0006/10
8.0K    ../spark/work/app-20140725210343-0006/8
8.0K    ../spark/work/app-20140725210343-0006/12
8.0K    ../spark/work/app-20140725210343-0006/1
4.0K    ../spark/work/app-20140725210343-0006/14
8.0K    ../spark/work/app-20140725210343-0006/7
8.0K    ../spark/work/app-20140725210343-0006/11
116K    ../spark/work/app-20140725210343-0006
147M    ../spark/work/app-20140725170929-0002/3
49M     ../spark/work/app-20140725170929-0002/0
147M    ../spark/work/app-20140725170929-0002/5
147M    ../spark/work/app-20140725170929-0002/4
147M    ../spark/work/app-20140725170929-0002/2
147M    ../spark/work/app-20140725170929-0002/1
781M    ../spark/work/app-20140725170929-0002
148M    ../spark/work/app-20140729165814-0008/3
148M    ../spark/work/app-20140729165814-0008/0
147M    ../spark/work/app-20140729165814-0008/5
36K     ../spark/work/app-20140729165814-0008/4
147M    ../spark/work/app-20140729165814-0008/2
148M    ../spark/work/app-20140729165814-0008/1
736M    ../spark/work/app-20140729165814-0008
147M    ../spark/work/app-20140730104332-0014/3
147M    ../spark/work/app-20140730104332-0014/0
147M    ../spark/work/app-20140730104332-0014/5
147M    ../spark/work/app-20140730104332-0014/4
147M    ../spark/work/app-20140730104332-0014/2
147M    ../spark/work/app-20140730104332-0014/1
880M    ../spark/work/app-20140730104332-0014
147M    ../spark/work/app-20140725154431-0005/3
147M    ../spark/work/app-20140725154431-0005/0
147M    ../spark/work/app-20140725154431-0005/5
147M    ../spark/work/app-20140725154431-0005/4
147M    ../spark/work/app-20140725154431-0005/2
147M    ../spark/work/app-20140725154431-0005/1
879M    ../spark/work/app-20140725154431-0005
147M    ../spark/work/app-20140725153724-0000/3
147M    ../spark/work/app-20140725153724-0000/0
147M    ../spark/work/app-20140725153724-0000/5
147M    ../spark/work/app-20140725153724-0000/4
147M    ../spark/work/app-20140725153724-0000/2
147M    ../spark/work/app-20140725153724-0000/1
879M    ../spark/work/app-20140725153724-0000
147M    ../spark/work/app-20140725143802-0013/3
147M    ../spark/work/app-20140725143802-0013/0
147M    ../spark/work/app-20140725143802-0013/5
147M    ../spark/work/app-20140725143802-0013/4
147M    ../spark/work/app-20140725143802-0013/2
147M    ../spark/work/app-20140725143802-0013/1
880M    ../spark/work/app-20140725143802-0013
147M    ../spark/work/app-20140729171226-0010/3
147M    ../spark/work/app-20140729171226-0010/0
148M    ../spark/work/app-20140729171226-0010/5
148M    ../spark/work/app-20140729171226-0010/4
147M    ../spark/work/app-20140729171226-0010/2
147M    ../spark/work/app-20140729171226-0010/1
882M    ../spark/work/app-20140729171226-0010
147M    ../spark/work/app-20140730103630-0011/3
147M    ../spark/work/app-20140730103630-0011/0
147M    ../spark/work/app-20140730103630-0011/5
147M    ../spark/work/app-20140730103630-0011/4
147M    ../spark/work/app-20140730103630-0011/2
147M    ../spark/work/app-20140730103630-0011/1
880M    ../spark/work/app-20140730103630-0011
147M    ../spark/work/app-20140729163811-0002/3
147M    ../spark/work/app-20140729163811-0002/0
12K     ../spark/work/app-20140729163811-0002/5
147M    ../spark/work/app-20140729163811-0002/4
147M    ../spark/work/app-20140729163811-0002/2
147M    ../spark/work/app-20140729163811-0002/1
733M    ../spark/work/app-20140729163811-0002
147M    ../spark/work/app-20140724201405-0006/3
147M    ../spark/work/app-20140724201405-0006/0
147M    ../spark/work/app-20140724201405-0006/5
147M    ../spark/work/app-20140724201405-0006/4
147M    ../spark/work/app-20140724201405-0006/2
147M    ../spark/work/app-20140724201405-0006/1
879M    ../spark/work/app-20140724201405-0006
147M    ../spark/work/app-20140730104609-0015/3
147M    ../spark/work/app-20140730104609-0015/0
147M    ../spark/work/app-20140730104609-0015/5
147M    ../spark/work/app-20140730104609-0015/4
147M    ../spark/work/app-20140730104609-0015/2
20K     ../spark/work/app-20140730104609-0015/1
734M    ../spark/work/app-20140730104609-0015
147M    ../spark/work/app-20140725221631-0001/3
147M    ../spark/work/app-20140725221631-0001/0
8.0K    ../spark/work/app-20140725221631-0001/5
8.0K    ../spark/work/app-20140725221631-0001/4
147M    ../spark/work/app-20140725221631-0001/2
8.0K    ../spark/work/app-20140725221631-0001/1
440M    ../spark/work/app-20140725221631-0001
8.0K    ../spark/work/app-20140724184227-0001/3
8.0K    ../spark/work/app-20140724184227-0001/0
8.0K    ../spark/work/app-20140724184227-0001/5
147M    ../spark/work/app-20140724184227-0001/4
8.0K    ../spark/work/app-20140724184227-0001/2
8.0K    ../spark/work/app-20140724184227-0001/1
147M    ../spark/work/app-20140724184227-0001
147M    ../spark/work/app-20140730114112-0019/3
152M    ../spark/work/app-20140730114112-0019/0
152M    ../spark/work/app-20140730114112-0019/5
152M    ../spark/work/app-20140730114112-0019/4
147M    ../spark/work/app-20140730114112-0019/6
147M    ../spark/work/app-20140730114112-0019/2
152M    ../spark/work/app-20140730114112-0019/1
1.1G    ../spark/work/app-20140730114112-0019
147M    ../spark/work/app-20140725143041-0012/3
147M    ../spark/work/app-20140725143041-0012/0
147M    ../spark/work/app-20140725143041-0012/5
147M    ../spark/work/app-20140725143041-0012/4
147M    ../spark/work/app-20140725143041-0012/2
147M    ../spark/work/app-20140725143041-0012/1
880M    ../spark/work/app-20140725143041-0012
147M    ../spark/work/app-20140730195624-0002/3
20K     ../spark/work/app-20140730195624-0002/0
147M    ../spark/work/app-20140730195624-0002/5
147M    ../spark/work/app-20140730195624-0002/4
147M    ../spark/work/app-20140730195624-0002/2
147M    ../spark/work/app-20140730195624-0002/1
734M    ../spark/work/app-20140730195624-0002
8.0K    ../spark/work/app-20140730161447-0023/3
8.0K    ../spark/work/app-20140730161447-0023/9
148M    ../spark/work/app-20140730161447-0023/0
8.0K    ../spark/work/app-20140730161447-0023/5
8.0K    ../spark/work/app-20140730161447-0023/4
8.0K    ../spark/work/app-20140730161447-0023/6
8.0K    ../spark/work/app-20140730161447-0023/2
8.0K    ../spark/work/app-20140730161447-0023/10
8.0K    ../spark/work/app-20140730161447-0023/8
8.0K    ../spark/work/app-20140730161447-0023/1
8.0K    ../spark/work/app-20140730161447-0023/7
148M    ../spark/work/app-20140730161447-0023
147M    ../spark/work/app-20140725170900-0001/3
64M     ../spark/work/app-20140725170900-0001/0
147M    ../spark/work/app-20140725170900-0001/5
147M    ../spark/work/app-20140725170900-0001/4
147M    ../spark/work/app-20140725170900-0001/2
147M    ../spark/work/app-20140725170900-0001/1
796M    ../spark/work/app-20140725170900-0001
147M    ../spark/work/app-20140726013836-0014/3
147M    ../spark/work/app-20140726013836-0014/0
147M    ../spark/work/app-20140726013836-0014/5
147M    ../spark/work/app-20140726013836-0014/4
147M    ../spark/work/app-20140726013836-0014/2
147M    ../spark/work/app-20140726013836-0014/1
879M    ../spark/work/app-20140726013836-0014
12K     ../spark/work/app-20140724142915-0001/3
12K     ../spark/work/app-20140724142915-0001/0
12K     ../spark/work/app-20140724142915-0001/5
147M    ../spark/work/app-20140724142915-0001/4
12K     ../spark/work/app-20140724142915-0001/2
12K     ../spark/work/app-20140724142915-0001/1
147M    ../spark/work/app-20140724142915-0001
12K     ../spark/work/app-20140725093630-0008/3
12K     ../spark/work/app-20140725093630-0008/0
12K     ../spark/work/app-20140725093630-0008/5
12K     ../spark/work/app-20140725093630-0008/4
12K     ../spark/work/app-20140725093630-0008/2
12K     ../spark/work/app-20140725093630-0008/1
76K     ../spark/work/app-20140725093630-0008
576K    ../spark/work/app-20140724104944-0000/3
56K     ../spark/work/app-20140724104944-0000/0
56K     ../spark/work/app-20140724104944-0000/5
472K    ../spark/work/app-20140724104944-0000/4
12K     ../spark/work/app-20140724104944-0000/6
56K     ../spark/work/app-20140724104944-0000/2
540K    ../spark/work/app-20140724104944-0000/1
1.8M    ../spark/work/app-20140724104944-0000
148M    ../spark/work/app-20140729165115-0007/3
147M    ../spark/work/app-20140729165115-0007/0
147M    ../spark/work/app-20140729165115-0007/5
147M    ../spark/work/app-20140729165115-0007/4
147M    ../spark/work/app-20140729165115-0007/2
148M    ../spark/work/app-20140729165115-0007/1
882M    ../spark/work/app-20140729165115-0007
147M    ../spark/work/app-20140725154852-0009/3
147M    ../spark/work/app-20140725154852-0009/0
147M    ../spark/work/app-20140725154852-0009/5
147M    ../spark/work/app-20140725154852-0009/4
147M    ../spark/work/app-20140725154852-0009/2
147M    ../spark/work/app-20140725154852-0009/1
879M    ../spark/work/app-20140725154852-0009
8.0K    ../spark/work/app-20140730162748-0025/3
147M    ../spark/work/app-20140730162748-0025/0
8.0K    ../spark/work/app-20140730162748-0025/4
8.0K    ../spark/work/app-20140730162748-0025/2
8.0K    ../spark/work/app-20140730162748-0025/1
147M    ../spark/work/app-20140730162748-0025
147M    ../spark/work/app-20140730200740-0003/3
147M    ../spark/work/app-20140730200740-0003/0
147M    ../spark/work/app-20140730200740-0003/5
147M    ../spark/work/app-20140730200740-0003/4
147M    ../spark/work/app-20140730200740-0003/2
20K     ../spark/work/app-20140730200740-0003/1
734M    ../spark/work/app-20140730200740-0003
72K     ../spark/work/app-20140723160326-0000/3
20K     ../spark/work/app-20140723160326-0000/0
16K     ../spark/work/app-20140723160326-0000/5
12K     ../spark/work/app-20140723160326-0000/4
12K     ../spark/work/app-20140723160326-0000/6
72K     ../spark/work/app-20140723160326-0000/2
16K     ../spark/work/app-20140723160326-0000/1
12K     ../spark/work/app-20140723160326-0000/7
236K    ../spark/work/app-20140723160326-0000
8.0K    ../spark/work/app-20140801145046-0011/3
4.0K    ../spark/work/app-20140801145046-0011/9
8.0K    ../spark/work/app-20140801145046-0011/0
8.0K    ../spark/work/app-20140801145046-0011/5
147M    ../spark/work/app-20140801145046-0011/4
4.0K    ../spark/work/app-20140801145046-0011/6
147M    ../spark/work/app-20140801145046-0011/2
4.0K    ../spark/work/app-20140801145046-0011/8
8.0K    ../spark/work/app-20140801145046-0011/1
4.0K    ../spark/work/app-20140801145046-0011/7
293M    ../spark/work/app-20140801145046-0011
147M    ../spark/work/app-20140801141944-0004/3
147M    ../spark/work/app-20140801141944-0004/0
147M    ../spark/work/app-20140801141944-0004/5
147M    ../spark/work/app-20140801141944-0004/4
147M    ../spark/work/app-20140801141944-0004/2
147M    ../spark/work/app-20140801141944-0004/1
880M    ../spark/work/app-20140801141944-0004
147M    ../spark/work/app-20140725113611-0003/3
147M    ../spark/work/app-20140725113611-0003/0
147M    ../spark/work/app-20140725113611-0003/5
147M    ../spark/work/app-20140725113611-0003/4
147M    ../spark/work/app-20140725113611-0003/2
147M    ../spark/work/app-20140725113611-0003/1
879M    ../spark/work/app-20140725113611-0003
147M    ../spark/work/app-20140724185831-0001/3
147M    ../spark/work/app-20140724185831-0001/0
147M    ../spark/work/app-20140724185831-0001/5
147M    ../spark/work/app-20140724185831-0001/4
147M    ../spark/work/app-20140724185831-0001/2
58M     ../spark/work/app-20140724185831-0001/1
790M    ../spark/work/app-20140724185831-0001
147M    ../spark/work/app-20140801141918-0003/3
147M    ../spark/work/app-20140801141918-0003/0
147M    ../spark/work/app-20140801141918-0003/5
146M    ../spark/work/app-20140801141918-0003/4
147M    ../spark/work/app-20140801141918-0003/2
147M    ../spark/work/app-20140801141918-0003/1
878M    ../spark/work/app-20140801141918-0003
147M    ../spark/work/app-20140725121733-0009/3
147M    ../spark/work/app-20140725121733-0009/0
147M    ../spark/work/app-20140725121733-0009/5
147M    ../spark/work/app-20140725121733-0009/4
147M    ../spark/work/app-20140725121733-0009/2
147M    ../spark/work/app-20140725121733-0009/1
879M    ../spark/work/app-20140725121733-0009
161M    ../spark/work/app-20140801164503-0000/3
161M    ../spark/work/app-20140801164503-0000/0
161M    ../spark/work/app-20140801164503-0000/5
161M    ../spark/work/app-20140801164503-0000/4
161M    ../spark/work/app-20140801164503-0000/2
161M    ../spark/work/app-20140801164503-0000/1
961M    ../spark/work/app-20140801164503-0000
147M    ../spark/work/app-20140725213945-0000/3
8.0K    ../spark/work/app-20140725213945-0000/0
147M    ../spark/work/app-20140725213945-0000/5
8.0K    ../spark/work/app-20140725213945-0000/4
8.0K    ../spark/work/app-20140725213945-0000/2
147M    ../spark/work/app-20140725213945-0000/1
440M    ../spark/work/app-20140725213945-0000
151M    ../spark/work/app-20140801163712-0001/3
150M    ../spark/work/app-20140801163712-0001/0
151M    ../spark/work/app-20140801163712-0001/5
150M    ../spark/work/app-20140801163712-0001/4
150M    ../spark/work/app-20140801163712-0001/2
151M    ../spark/work/app-20140801163712-0001/1
901M    ../spark/work/app-20140801163712-0001
147M    ../spark/work/app-20140724200125-0002/3
8.0K    ../spark/work/app-20140724200125-0002/0
8.0K    ../spark/work/app-20140724200125-0002/5
8.0K    ../spark/work/app-20140724200125-0002/4
8.0K    ../spark/work/app-20140724200125-0002/2
8.0K    ../spark/work/app-20140724200125-0002/1
147M    ../spark/work/app-20140724200125-0002
48K     ../spark/work/app-20140805112340-0002/3
8.0K    ../spark/work/app-20140805112340-0002/0
8.0K    ../spark/work/app-20140805112340-0002/5
8.0K    ../spark/work/app-20140805112340-0002/4
8.0K    ../spark/work/app-20140805112340-0002/2
8.0K    ../spark/work/app-20140805112340-0002/1
92K     ../spark/work/app-20140805112340-0002
28K     ../spark/work/app-20140725101200-0009/3
28K     ../spark/work/app-20140725101200-0009/0
28K     ../spark/work/app-20140725101200-0009/5
24K     ../spark/work/app-20140725101200-0009/4
32K     ../spark/work/app-20140725101200-0009/2
32K     ../spark/work/app-20140725101200-0009/1
176K    ../spark/work/app-20140725101200-0009
147M    ../spark/work/app-20140725154541-0006/3
147M    ../spark/work/app-20140725154541-0006/0
147M    ../spark/work/app-20140725154541-0006/5
147M    ../spark/work/app-20140725154541-0006/4
147M    ../spark/work/app-20140725154541-0006/2
147M    ../spark/work/app-20140725154541-0006/1
879M    ../spark/work/app-20140725154541-0006
147M    ../spark/work/app-20140801152010-0014/3
147M    ../spark/work/app-20140801152010-0014/0
147M    ../spark/work/app-20140801152010-0014/4
147M    ../spark/work/app-20140801152010-0014/2
147M    ../spark/work/app-20140801152010-0014/1
734M    ../spark/work/app-20140801152010-0014
147M    ../spark/work/app-20140729164112-0005/3
147M    ../spark/work/app-20140729164112-0005/0
147M    ../spark/work/app-20140729164112-0005/5
147M    ../spark/work/app-20140729164112-0005/4
147M    ../spark/work/app-20140729164112-0005/2
147M    ../spark/work/app-20140729164112-0005/1
879M    ../spark/work/app-20140729164112-0005
147M    ../spark/work/app-20140724183619-0000/3
147M    ../spark/work/app-20140724183619-0000/0
147M    ../spark/work/app-20140724183619-0000/5
147M    ../spark/work/app-20140724183619-0000/4
147M    ../spark/work/app-20140724183619-0000/2
58M     ../spark/work/app-20140724183619-0000/1
790M    ../spark/work/app-20140724183619-0000
147M    ../spark/work/app-20140725161642-0000/3
147M    ../spark/work/app-20140725161642-0000/0
147M    ../spark/work/app-20140725161642-0000/5
147M    ../spark/work/app-20140725161642-0000/4
147M    ../spark/work/app-20140725161642-0000/2
147M    ../spark/work/app-20140725161642-0000/1
879M    ../spark/work/app-20140725161642-0000
147M    ../spark/work/app-20140801151257-0013/3
147M    ../spark/work/app-20140801151257-0013/0
147M    ../spark/work/app-20140801151257-0013/4
147M    ../spark/work/app-20140801151257-0013/2
147M    ../spark/work/app-20140801151257-0013/1
734M    ../spark/work/app-20140801151257-0013
147M    ../spark/work/app-20140725230857-0009/3
147M    ../spark/work/app-20140725230857-0009/0
147M    ../spark/work/app-20140725230857-0009/5
147M    ../spark/work/app-20140725230857-0009/4
147M    ../spark/work/app-20140725230857-0009/2
147M    ../spark/work/app-20140725230857-0009/1
879M    ../spark/work/app-20140725230857-0009
147M    ../spark/work/app-20140725150009-0015/3
147M    ../spark/work/app-20140725150009-0015/0
147M    ../spark/work/app-20140725150009-0015/5
147M    ../spark/work/app-20140725150009-0015/4
147M    ../spark/work/app-20140725150009-0015/2
147M    ../spark/work/app-20140725150009-0015/1
880M    ../spark/work/app-20140725150009-0015
147M    ../spark/work/app-20140730104118-0013/3
147M    ../spark/work/app-20140730104118-0013/0
147M    ../spark/work/app-20140730104118-0013/5
147M    ../spark/work/app-20140730104118-0013/4
147M    ../spark/work/app-20140730104118-0013/2
147M    ../spark/work/app-20140730104118-0013/1
880M    ../spark/work/app-20140730104118-0013
147M    ../spark/work/app-20140730103902-0012/3
147M    ../spark/work/app-20140730103902-0012/0
20K     ../spark/work/app-20140730103902-0012/5
147M    ../spark/work/app-20140730103902-0012/4
147M    ../spark/work/app-20140730103902-0012/2
147M    ../spark/work/app-20140730103902-0012/1
734M    ../spark/work/app-20140730103902-0012
147M    ../spark/work/app-20140725230015-0008/3
147M    ../spark/work/app-20140725230015-0008/0
147M    ../spark/work/app-20140725230015-0008/5
147M    ../spark/work/app-20140725230015-0008/4
147M    ../spark/work/app-20140725230015-0008/2
147M    ../spark/work/app-20140725230015-0008/1
879M    ../spark/work/app-20140725230015-0008
147M    ../spark/work/app-20140801141701-0000/3
147M    ../spark/work/app-20140801141701-0000/0
147M    ../spark/work/app-20140801141701-0000/5
147M    ../spark/work/app-20140801141701-0000/4
147M    ../spark/work/app-20140801141701-0000/2
147M    ../spark/work/app-20140801141701-0000/1
881M    ../spark/work/app-20140801141701-0000
12K     ../spark/work/app-20140723185524-0001/3
12K     ../spark/work/app-20140723185524-0001/0
12K     ../spark/work/app-20140723185524-0001/5
12K     ../spark/work/app-20140723185524-0001/4
12K     ../spark/work/app-20140723185524-0001/2
12K     ../spark/work/app-20140723185524-0001/1
76K     ../spark/work/app-20140723185524-0001
148M    ../spark/work/app-20140801163033-0000/3
147M    ../spark/work/app-20140801163033-0000/0
147M    ../spark/work/app-20140801163033-0000/5
147M    ../spark/work/app-20140801163033-0000/4
147M    ../spark/work/app-20140801163033-0000/2
148M    ../spark/work/app-20140801163033-0000/1
882M    ../spark/work/app-20140801163033-0000
147M    ../spark/work/app-20140724184312-0002/3
147M    ../spark/work/app-20140724184312-0002/0
147M    ../spark/work/app-20140724184312-0002/5
147M    ../spark/work/app-20140724184312-0002/4
147M    ../spark/work/app-20140724184312-0002/2
147M    ../spark/work/app-20140724184312-0002/1
879M    ../spark/work/app-20140724184312-0002
147M    ../spark/work/app-20140724200909-0005/3
147M    ../spark/work/app-20140724200909-0005/0
147M    ../spark/work/app-20140724200909-0005/5
147M    ../spark/work/app-20140724200909-0005/4
147M    ../spark/work/app-20140724200909-0005/2
147M    ../spark/work/app-20140724200909-0005/1
879M    ../spark/work/app-20140724200909-0005
147M    ../spark/work/app-20140725222033-0002/3
147M    ../spark/work/app-20140725222033-0002/0
147M    ../spark/work/app-20140725222033-0002/5
147M    ../spark/work/app-20140725222033-0002/4
147M    ../spark/work/app-20140725222033-0002/2
147M    ../spark/work/app-20140725222033-0002/1
881M    ../spark/work/app-20140725222033-0002
147M    ../spark/work/app-20140725154645-0007/3
147M    ../spark/work/app-20140725154645-0007/0
147M    ../spark/work/app-20140725154645-0007/5
147M    ../spark/work/app-20140725154645-0007/4
147M    ../spark/work/app-20140725154645-0007/2
147M    ../spark/work/app-20140725154645-0007/1
879M    ../spark/work/app-20140725154645-0007
20K     ../spark/work/app-20140724114033-0000/3
12K     ../spark/work/app-20140724114033-0000/0
32K     ../spark/work/app-20140724114033-0000/5
16K     ../spark/work/app-20140724114033-0000/4
12K     ../spark/work/app-20140724114033-0000/6
40K     ../spark/work/app-20140724114033-0000/2
28K     ../spark/work/app-20140724114033-0000/1
164K    ../spark/work/app-20140724114033-0000
147M    ../spark/work/app-20140724200412-0003/3
8.0K    ../spark/work/app-20140724200412-0003/0
8.0K    ../spark/work/app-20140724200412-0003/5
8.0K    ../spark/work/app-20140724200412-0003/4
8.0K    ../spark/work/app-20140724200412-0003/2
8.0K    ../spark/work/app-20140724200412-0003/1
147M    ../spark/work/app-20140724200412-0003
8.0K    ../spark/work/app-20140805105622-0001/3
16K     ../spark/work/app-20140805105622-0001/0
16K     ../spark/work/app-20140805105622-0001/5
12K     ../spark/work/app-20140805105622-0001/4
36K     ../spark/work/app-20140805105622-0001/2
8.0K    ../spark/work/app-20140805105622-0001/1
100K    ../spark/work/app-20140805105622-0001
147M    ../spark/work/app-20140725220843-0000/3
8.0K    ../spark/work/app-20140725220843-0000/0
8.0K    ../spark/work/app-20140725220843-0000/5
147M    ../spark/work/app-20140725220843-0000/4
147M    ../spark/work/app-20140725220843-0000/2
8.0K    ../spark/work/app-20140725220843-0000/1
440M    ../spark/work/app-20140725220843-0000
147M    ../spark/work/app-20140801143152-0008/3
147M    ../spark/work/app-20140801143152-0008/0
147M    ../spark/work/app-20140801143152-0008/5
147M    ../spark/work/app-20140801143152-0008/4
147M    ../spark/work/app-20140801143152-0008/2
147M    ../spark/work/app-20140801143152-0008/1
880M    ../spark/work/app-20140801143152-0008
147M    ../spark/work/app-20140725231442-0010/3
147M    ../spark/work/app-20140725231442-0010/0
147M    ../spark/work/app-20140725231442-0010/5
147M    ../spark/work/app-20140725231442-0010/4
147M    ../spark/work/app-20140725231442-0010/2
147M    ../spark/work/app-20140725231442-0010/1
879M    ../spark/work/app-20140725231442-0010
147M    ../spark/work/app-20140724184436-0003/3
147M    ../spark/work/app-20140724184436-0003/0
147M    ../spark/work/app-20140724184436-0003/5
147M    ../spark/work/app-20140724184436-0003/4
147M    ../spark/work/app-20140724184436-0003/2
147M    ../spark/work/app-20140724184436-0003/1
879M    ../spark/work/app-20140724184436-0003
147M    ../spark/work/app-20140724201818-0007/3
147M    ../spark/work/app-20140724201818-0007/0
147M    ../spark/work/app-20140724201818-0007/5
147M    ../spark/work/app-20140724201818-0007/4
147M    ../spark/work/app-20140724201818-0007/2
147M    ../spark/work/app-20140724201818-0007/1
879M    ../spark/work/app-20140724201818-0007
147M    ../spark/work/app-20140724155305-0003/3
147M    ../spark/work/app-20140724155305-0003/0
147M    ../spark/work/app-20140724155305-0003/5
147M    ../spark/work/app-20140724155305-0003/4
147M    ../spark/work/app-20140724155305-0003/2
147M    ../spark/work/app-20140724155305-0003/1
879M    ../spark/work/app-20140724155305-0003
147M    ../spark/work/app-20140801141839-0002/3
147M    ../spark/work/app-20140801141839-0002/0
147M    ../spark/work/app-20140801141839-0002/5
142M    ../spark/work/app-20140801141839-0002/4
147M    ../spark/work/app-20140801141839-0002/2
8.0K    ../spark/work/app-20140801141839-0002/1
728M    ../spark/work/app-20140801141839-0002
147M    ../spark/work/app-20140801142910-0007/3
147M    ../spark/work/app-20140801142910-0007/0
147M    ../spark/work/app-20140801142910-0007/5
147M    ../spark/work/app-20140801142910-0007/4
147M    ../spark/work/app-20140801142910-0007/2
147M    ../spark/work/app-20140801142910-0007/1
880M    ../spark/work/app-20140801142910-0007
147M    ../spark/work/app-20140725165422-0001/3
147M    ../spark/work/app-20140725165422-0001/0
147M    ../spark/work/app-20140725165422-0001/5
147M    ../spark/work/app-20140725165422-0001/4
147M    ../spark/work/app-20140725165422-0001/2
147M    ../spark/work/app-20140725165422-0001/1
880M    ../spark/work/app-20140725165422-0001
147M    ../spark/work/app-20140730142616-0020/3
8.0K    ../spark/work/app-20140730142616-0020/0
8.0K    ../spark/work/app-20140730142616-0020/2
8.0K    ../spark/work/app-20140730142616-0020/1
147M    ../spark/work/app-20140730142616-0020
147M    ../spark/work/app-20140725171013-0004/3
24M     ../spark/work/app-20140725171013-0004/0
147M    ../spark/work/app-20140725171013-0004/5
12K     ../spark/work/app-20140725171013-0004/4
12K     ../spark/work/app-20140725171013-0004/2
12K     ../spark/work/app-20140725171013-0004/1
317M    ../spark/work/app-20140725171013-0004
147M    ../spark/work/app-20140728172500-0003/3
20K     ../spark/work/app-20140728172500-0003/0
147M    ../spark/work/app-20140728172500-0003/5
147M    ../spark/work/app-20140728172500-0003/4
147M    ../spark/work/app-20140728172500-0003/2
20K     ../spark/work/app-20140728172500-0003/1
588M    ../spark/work/app-20140728172500-0003
147M    ../spark/work/app-20140725153947-0002/3
147M    ../spark/work/app-20140725153947-0002/0
147M    ../spark/work/app-20140725153947-0002/5
147M    ../spark/work/app-20140725153947-0002/4
147M    ../spark/work/app-20140725153947-0002/2
147M    ../spark/work/app-20140725153947-0002/1
879M    ../spark/work/app-20140725153947-0002
8.0K    ../spark/work/app-20140723170926-0001/3
8.0K    ../spark/work/app-20140723170926-0001/0
8.0K    ../spark/work/app-20140723170926-0001/5
8.0K    ../spark/work/app-20140723170926-0001/4
8.0K    ../spark/work/app-20140723170926-0001/2
8.0K    ../spark/work/app-20140723170926-0001/1
52K     ../spark/work/app-20140723170926-0001
12K     ../spark/work/app-20140724093044-0000/3
20K     ../spark/work/app-20140724093044-0000/0
12K     ../spark/work/app-20140724093044-0000/5
16K     ../spark/work/app-20140724093044-0000/4
16K     ../spark/work/app-20140724093044-0000/2
12K     ../spark/work/app-20140724093044-0000/1
92K     ../spark/work/app-20140724093044-0000
147M    ../spark/work/app-20140725170843-0000/3
26M     ../spark/work/app-20140725170843-0000/0
147M    ../spark/work/app-20140725170843-0000/5
12K     ../spark/work/app-20140725170843-0000/4
12K     ../spark/work/app-20140725170843-0000/2
12K     ../spark/work/app-20140725170843-0000/1
319M    ../spark/work/app-20140725170843-0000
320K    ../spark/work/app-20140722162806-0000/3
24K     ../spark/work/app-20140722162806-0000/0
24K     ../spark/work/app-20140722162806-0000/4
228K    ../spark/work/app-20140722162806-0000/2
24K     ../spark/work/app-20140722162806-0000/1
624K    ../spark/work/app-20140722162806-0000
147M    ../spark/work/app-20140725222503-0004/3
147M    ../spark/work/app-20140725222503-0004/0
147M    ../spark/work/app-20140725222503-0004/5
147M    ../spark/work/app-20140725222503-0004/4
147M    ../spark/work/app-20140725222503-0004/2
147M    ../spark/work/app-20140725222503-0004/1
881M    ../spark/work/app-20140725222503-0004
147M    ../spark/work/app-20140725120703-0008/3
147M    ../spark/work/app-20140725120703-0008/0
147M    ../spark/work/app-20140725120703-0008/5
147M    ../spark/work/app-20140725120703-0008/4
147M    ../spark/work/app-20140725120703-0008/2
147M    ../spark/work/app-20140725120703-0008/1
879M    ../spark/work/app-20140725120703-0008
148M    ../spark/work/app-20140801150848-0012/3
148M    ../spark/work/app-20140801150848-0012/0
147M    ../spark/work/app-20140801150848-0012/5
147M    ../spark/work/app-20140801150848-0012/4
147M    ../spark/work/app-20140801150848-0012/2
147M    ../spark/work/app-20140801150848-0012/1
881M    ../spark/work/app-20140801150848-0012
147M    ../spark/work/app-20140725222253-0003/3
147M    ../spark/work/app-20140725222253-0003/0
147M    ../spark/work/app-20140725222253-0003/5
147M    ../spark/work/app-20140725222253-0003/4
147M    ../spark/work/app-20140725222253-0003/2
147M    ../spark/work/app-20140725222253-0003/1
881M    ../spark/work/app-20140725222253-0003
4.0K    ../spark/work/app-20140725210343-0007/13
8.0K    ../spark/work/app-20140725210343-0007/3
8.0K    ../spark/work/app-20140725210343-0007/9
8.0K    ../spark/work/app-20140725210343-0007/0
8.0K    ../spark/work/app-20140725210343-0007/5
8.0K    ../spark/work/app-20140725210343-0007/4
8.0K    ../spark/work/app-20140725210343-0007/6
8.0K    ../spark/work/app-20140725210343-0007/2
8.0K    ../spark/work/app-20140725210343-0007/10
8.0K    ../spark/work/app-20140725210343-0007/8
4.0K    ../spark/work/app-20140725210343-0007/12
8.0K    ../spark/work/app-20140725210343-0007/1
4.0K    ../spark/work/app-20140725210343-0007/14
8.0K    ../spark/work/app-20140725210343-0007/7
8.0K    ../spark/work/app-20140725210343-0007/11
112K    ../spark/work/app-20140725210343-0007
147M    ../spark/work/app-20140728172250-0002/3
147M    ../spark/work/app-20140728172250-0002/0
147M    ../spark/work/app-20140728172250-0002/5
147M    ../spark/work/app-20140728172250-0002/4
147M    ../spark/work/app-20140728172250-0002/2
20K     ../spark/work/app-20140728172250-0002/1
734M    ../spark/work/app-20140728172250-0002
147M    ../spark/work/app-20140729170411-0009/3
147M    ../spark/work/app-20140729170411-0009/0
147M    ../spark/work/app-20140729170411-0009/5
148M    ../spark/work/app-20140729170411-0009/4
148M    ../spark/work/app-20140729170411-0009/2
147M    ../spark/work/app-20140729170411-0009/1
882M    ../spark/work/app-20140729170411-0009
147M    ../spark/work/app-20140730194340-0001/3
147M    ../spark/work/app-20140730194340-0001/0
147M    ../spark/work/app-20140730194340-0001/5
147M    ../spark/work/app-20140730194340-0001/4
147M    ../spark/work/app-20140730194340-0001/2
147M    ../spark/work/app-20140730194340-0001/1
881M    ../spark/work/app-20140730194340-0001
147M    ../spark/work/app-20140725170956-0003/3
26M     ../spark/work/app-20140725170956-0003/0
147M    ../spark/work/app-20140725170956-0003/5
12K     ../spark/work/app-20140725170956-0003/4
12K     ../spark/work/app-20140725170956-0003/2
12K     ../spark/work/app-20140725170956-0003/1
319M    ../spark/work/app-20140725170956-0003
149M    ../spark/work/app-20140804203600-0001/3
149M    ../spark/work/app-20140804203600-0001/0
149M    ../spark/work/app-20140804203600-0001/5
149M    ../spark/work/app-20140804203600-0001/4
149M    ../spark/work/app-20140804203600-0001/2
149M    ../spark/work/app-20140804203600-0001/1
892M    ../spark/work/app-20140804203600-0001
147M    ../spark/work/app-20140728172032-0001/3
147M    ../spark/work/app-20140728172032-0001/0
147M    ../spark/work/app-20140728172032-0001/5
147M    ../spark/work/app-20140728172032-0001/4
147M    ../spark/work/app-20140728172032-0001/2
147M    ../spark/work/app-20140728172032-0001/1
881M    ../spark/work/app-20140728172032-0001
147M    ../spark/work/app-20140726012352-0012/3
147M    ../spark/work/app-20140726012352-0012/0
147M    ../spark/work/app-20140726012352-0012/5
147M    ../spark/work/app-20140726012352-0012/4
147M    ../spark/work/app-20140726012352-0012/2
147M    ../spark/work/app-20140726012352-0012/1
879M    ../spark/work/app-20140726012352-0012
40K     ../spark/work/app-20140728193637-0005/3
36K     ../spark/work/app-20140728193637-0005/0
48K     ../spark/work/app-20140728193637-0005/5
48K     ../spark/work/app-20140728193637-0005/4
40K     ../spark/work/app-20140728193637-0005/2
40K     ../spark/work/app-20140728193637-0005/1
256K    ../spark/work/app-20140728193637-0005
8.0K    ../spark/work/app-20140804195730-0000/13
149M    ../spark/work/app-20140804195730-0000/3
12K     ../spark/work/app-20140804195730-0000/9
149M    ../spark/work/app-20140804195730-0000/0
149M    ../spark/work/app-20140804195730-0000/5
149M    ../spark/work/app-20140804195730-0000/4
12K     ../spark/work/app-20140804195730-0000/6
153M    ../spark/work/app-20140804195730-0000/2
12K     ../spark/work/app-20140804195730-0000/10
12K     ../spark/work/app-20140804195730-0000/8
8.0K    ../spark/work/app-20140804195730-0000/12
149M    ../spark/work/app-20140804195730-0000/1
8.0K    ../spark/work/app-20140804195730-0000/14
12K     ../spark/work/app-20140804195730-0000/7
8.0K    ../spark/work/app-20140804195730-0000/11
896M    ../spark/work/app-20140804195730-0000
8.0K    ../spark/work/app-20140725220636-0003/3
8.0K    ../spark/work/app-20140725220636-0003/0
8.0K    ../spark/work/app-20140725220636-0003/5
8.0K    ../spark/work/app-20140725220636-0003/4
8.0K    ../spark/work/app-20140725220636-0003/2
8.0K    ../spark/work/app-20140725220636-0003/1
52K     ../spark/work/app-20140725220636-0003
20K     ../spark/work/app-20140723185854-0000/3
168K    ../spark/work/app-20140723185854-0000/0
16K     ../spark/work/app-20140723185854-0000/5
140K    ../spark/work/app-20140723185854-0000/4
16K     ../spark/work/app-20140723185854-0000/2
16K     ../spark/work/app-20140723185854-0000/1
380K    ../spark/work/app-20140723185854-0000
180K    ../spark/work/app-20140724125731-0000/3
140K    ../spark/work/app-20140724125731-0000/0
16K     ../spark/work/app-20140724125731-0000/5
16K     ../spark/work/app-20140724125731-0000/4
28K     ../spark/work/app-20140724125731-0000/2
16K     ../spark/work/app-20140724125731-0000/1
400K    ../spark/work/app-20140724125731-0000
147M    ../spark/work/app-20140725225131-0007/3
147M    ../spark/work/app-20140725225131-0007/0
147M    ../spark/work/app-20140725225131-0007/5
147M    ../spark/work/app-20140725225131-0007/4
147M    ../spark/work/app-20140725225131-0007/2
147M    ../spark/work/app-20140725225131-0007/1
879M    ../spark/work/app-20140725225131-0007
148M    ../spark/work/app-20140729164530-0006/3
147M    ../spark/work/app-20140729164530-0006/0
147M    ../spark/work/app-20140729164530-0006/5
148M    ../spark/work/app-20140729164530-0006/4
147M    ../spark/work/app-20140729164530-0006/2
148M    ../spark/work/app-20140729164530-0006/1
882M    ../spark/work/app-20140729164530-0006
147M    ../spark/work/app-20140726013228-0013/3
147M    ../spark/work/app-20140726013228-0013/0
147M    ../spark/work/app-20140726013228-0013/5
147M    ../spark/work/app-20140726013228-0013/4
147M    ../spark/work/app-20140726013228-0013/2
147M    ../spark/work/app-20140726013228-0013/1
879M    ../spark/work/app-20140726013228-0013
147M    ../spark/work/app-20140726011707-0011/3
147M    ../spark/work/app-20140726011707-0011/0
147M    ../spark/work/app-20140726011707-0011/5
147M    ../spark/work/app-20140726011707-0011/4
147M    ../spark/work/app-20140726011707-0011/2
147M    ../spark/work/app-20140726011707-0011/1
879M    ../spark/work/app-20140726011707-0011
8.0K    ../spark/work/app-20140724150104-0002/3
8.0K    ../spark/work/app-20140724150104-0002/0
8.0K    ../spark/work/app-20140724150104-0002/5
16K     ../spark/work/app-20140724150104-0002/4
8.0K    ../spark/work/app-20140724150104-0002/2
8.0K    ../spark/work/app-20140724150104-0002/1
60K     ../spark/work/app-20140724150104-0002
147M    ../spark/work/app-20140725114625-0004/3
147M    ../spark/work/app-20140725114625-0004/0
147M    ../spark/work/app-20140725114625-0004/5
147M    ../spark/work/app-20140725114625-0004/4
147M    ../spark/work/app-20140725114625-0004/2
147M    ../spark/work/app-20140725114625-0004/1
879M    ../spark/work/app-20140725114625-0004
4.0K    ../spark/work/app-20140730114011-0018/3
4.0K    ../spark/work/app-20140730114011-0018/0
4.0K    ../spark/work/app-20140730114011-0018/5
4.0K    ../spark/work/app-20140730114011-0018/4
4.0K    ../spark/work/app-20140730114011-0018/2
4.0K    ../spark/work/app-20140730114011-0018/1
28K     ../spark/work/app-20140730114011-0018
147M    ../spark/work/app-20140725222944-0006/3
147M    ../spark/work/app-20140725222944-0006/0
147M    ../spark/work/app-20140725222944-0006/5
147M    ../spark/work/app-20140725222944-0006/4
147M    ../spark/work/app-20140725222944-0006/2
147M    ../spark/work/app-20140725222944-0006/1
881M    ../spark/work/app-20140725222944-0006
147M    ../spark/work/app-20140801142732-0006/3
147M    ../spark/work/app-20140801142732-0006/0
147M    ../spark/work/app-20140801142732-0006/5
147M    ../spark/work/app-20140801142732-0006/4
147M    ../spark/work/app-20140801142732-0006/2
147M    ../spark/work/app-20140801142732-0006/1
880M    ../spark/work/app-20140801142732-0006
148M    ../spark/work/app-20140730155622-0022/0
148M    ../spark/work/app-20140730155622-0022
147M    ../spark/work/app-20140725153851-0001/3
147M    ../spark/work/app-20140725153851-0001/0
147M    ../spark/work/app-20140725153851-0001/5
147M    ../spark/work/app-20140725153851-0001/4
147M    ../spark/work/app-20140725153851-0001/2
147M    ../spark/work/app-20140725153851-0001/1
879M    ../spark/work/app-20140725153851-0001
147M    ../spark/work/app-20140725120245-0007/3
147M    ../spark/work/app-20140725120245-0007/0
147M    ../spark/work/app-20140725120245-0007/5
147M    ../spark/work/app-20140725120245-0007/4
147M    ../spark/work/app-20140725120245-0007/2
147M    ../spark/work/app-20140725120245-0007/1
879M    ../spark/work/app-20140725120245-0007
32K     ../spark/work/app-20140730111410-0016/3
32K     ../spark/work/app-20140730111410-0016/0
36K     ../spark/work/app-20140730111410-0016/5
28K     ../spark/work/app-20140730111410-0016/4
28K     ../spark/work/app-20140730111410-0016/2
20K     ../spark/work/app-20140730111410-0016/1
180K    ../spark/work/app-20140730111410-0016
8.0K    ../spark/work/app-20140724161048-0001/3
8.0K    ../spark/work/app-20140724161048-0001/0
147M    ../spark/work/app-20140724161048-0001/5
8.0K    ../spark/work/app-20140724161048-0001/4
8.0K    ../spark/work/app-20140724161048-0001/2
8.0K    ../spark/work/app-20140724161048-0001/1
147M    ../spark/work/app-20140724161048-0001
147M    ../spark/work/app-20140724185717-0000/3
147M    ../spark/work/app-20140724185717-0000/0
147M    ../spark/work/app-20140724185717-0000/5
147M    ../spark/work/app-20140724185717-0000/4
147M    ../spark/work/app-20140724185717-0000/2
147M    ../spark/work/app-20140724185717-0000/1
879M    ../spark/work/app-20140724185717-0000
147M    ../spark/work/app-20140725122158-0010/3
147M    ../spark/work/app-20140725122158-0010/0
147M    ../spark/work/app-20140725122158-0010/5
147M    ../spark/work/app-20140725122158-0010/4
147M    ../spark/work/app-20140725122158-0010/2
147M    ../spark/work/app-20140725122158-0010/1
879M    ../spark/work/app-20140725122158-0010
147M    ../spark/work/app-20140725113133-0002/3
147M    ../spark/work/app-20140725113133-0002/0
147M    ../spark/work/app-20140725113133-0002/5
147M    ../spark/work/app-20140725113133-0002/4
147M    ../spark/work/app-20140725113133-0002/2
147M    ../spark/work/app-20140725113133-0002/1
879M    ../spark/work/app-20140725113133-0002
147M    ../spark/work/app-20140725142225-0011/3
147M    ../spark/work/app-20140725142225-0011/0
147M    ../spark/work/app-20140725142225-0011/5
147M    ../spark/work/app-20140725142225-0011/4
147M    ../spark/work/app-20140725142225-0011/2
147M    ../spark/work/app-20140725142225-0011/1
880M    ../spark/work/app-20140725142225-0011
12K     ../spark/work/app-20140725104811-0000/3
20K     ../spark/work/app-20140725104811-0000/0
20K     ../spark/work/app-20140725104811-0000/5
20K     ../spark/work/app-20140725104811-0000/4
20K     ../spark/work/app-20140725104811-0000/2
20K     ../spark/work/app-20140725104811-0000/1
116K    ../spark/work/app-20140725104811-0000
147M    ../spark/work/app-20140725222730-0005/3
147M    ../spark/work/app-20140725222730-0005/0
147M    ../spark/work/app-20140725222730-0005/5
147M    ../spark/work/app-20140725222730-0005/4
147M    ../spark/work/app-20140725222730-0005/2
147M    ../spark/work/app-20140725222730-0005/1
881M    ../spark/work/app-20140725222730-0005
8.0K    ../spark/work/app-20140725220626-0002/3
8.0K    ../spark/work/app-20140725220626-0002/0
8.0K    ../spark/work/app-20140725220626-0002/5
8.0K    ../spark/work/app-20140725220626-0002/4
8.0K    ../spark/work/app-20140725220626-0002/2
8.0K    ../spark/work/app-20140725220626-0002/1
52K     ../spark/work/app-20140725220626-0002
8.0K    ../spark/work/app-20140801152748-0016/3
8.0K    ../spark/work/app-20140801152748-0016/0
8.0K    ../spark/work/app-20140801152748-0016/4
28K     ../spark/work/app-20140801152748-0016/2
8.0K    ../spark/work/app-20140801152748-0016/1
64K     ../spark/work/app-20140801152748-0016
147M    ../spark/work/app-20140725154142-0004/3
147M    ../spark/work/app-20140725154142-0004/0
147M    ../spark/work/app-20140725154142-0004/5
147M    ../spark/work/app-20140725154142-0004/4
147M    ../spark/work/app-20140725154142-0004/2
147M    ../spark/work/app-20140725154142-0004/1
879M    ../spark/work/app-20140725154142-0004
147M    ../spark/work/app-20140801152157-0015/3
147M    ../spark/work/app-20140801152157-0015/0
147M    ../spark/work/app-20140801152157-0015/4
147M    ../spark/work/app-20140801152157-0015/2
147M    ../spark/work/app-20140801152157-0015/1
733M    ../spark/work/app-20140801152157-0015
52K     ../spark/work/app-20140729100730-0000/3
44K     ../spark/work/app-20140729100730-0000/0
56K     ../spark/work/app-20140729100730-0000/5
56K     ../spark/work/app-20140729100730-0000/4
52K     ../spark/work/app-20140729100730-0000/2
52K     ../spark/work/app-20140729100730-0000/1
316K    ../spark/work/app-20140729100730-0000
12K     ../spark/work/app-20140723171352-0000/3
12K     ../spark/work/app-20140723171352-0000/0
12K     ../spark/work/app-20140723171352-0000/5
12K     ../spark/work/app-20140723171352-0000/4
12K     ../spark/work/app-20140723171352-0000/2
12K     ../spark/work/app-20140723171352-0000/1
76K     ../spark/work/app-20140723171352-0000
147M    ../spark/work/app-20140730163656-0000/3
147M    ../spark/work/app-20140730163656-0000/0
147M    ../spark/work/app-20140730163656-0000/5
147M    ../spark/work/app-20140730163656-0000/4
147M    ../spark/work/app-20140730163656-0000/2
147M    ../spark/work/app-20140730163656-0000/1
881M    ../spark/work/app-20140730163656-0000
147M    ../spark/work/app-20140725112620-0001/3
147M    ../spark/work/app-20140725112620-0001/0
147M    ../spark/work/app-20140725112620-0001/5
147M    ../spark/work/app-20140725112620-0001/4
147M    ../spark/work/app-20140725112620-0001/2
147M    ../spark/work/app-20140725112620-0001/1
879M    ../spark/work/app-20140725112620-0001
147M    ../spark/work/app-20140725145200-0014/3
147M    ../spark/work/app-20140725145200-0014/0
147M    ../spark/work/app-20140725145200-0014/5
147M    ../spark/work/app-20140725145200-0014/4
147M    ../spark/work/app-20140725145200-0014/2
147M    ../spark/work/app-20140725145200-0014/1
880M    ../spark/work/app-20140725145200-0014
147M    ../spark/work/app-20140729164012-0004/3
147M    ../spark/work/app-20140729164012-0004/0
147M    ../spark/work/app-20140729164012-0004/5
12K     ../spark/work/app-20140729164012-0004/4
147M    ../spark/work/app-20140729164012-0004/2
147M    ../spark/work/app-20140729164012-0004/1
733M    ../spark/work/app-20140729164012-0004
147M    ../spark/work/app-20140724192425-0000/3
147M    ../spark/work/app-20140724192425-0000/0
147M    ../spark/work/app-20140724192425-0000/5
147M    ../spark/work/app-20140724192425-0000/4
147M    ../spark/work/app-20140724192425-0000/2
147M    ../spark/work/app-20140724192425-0000/1
879M    ../spark/work/app-20140724192425-0000
147M    ../spark/work/app-20140725115048-0005/3
147M    ../spark/work/app-20140725115048-0005/0
147M    ../spark/work/app-20140725115048-0005/5
147M    ../spark/work/app-20140725115048-0005/4
147M    ../spark/work/app-20140725115048-0005/2
147M    ../spark/work/app-20140725115048-0005/1
879M    ../spark/work/app-20140725115048-0005
147M    ../spark/work/app-20140801141752-0001/3
147M    ../spark/work/app-20140801141752-0001/0
147M    ../spark/work/app-20140801141752-0001/5
147M    ../spark/work/app-20140801141752-0001/4
147M    ../spark/work/app-20140801141752-0001/2
147M    ../spark/work/app-20140801141752-0001/1
882M    ../spark/work/app-20140801141752-0001
149M    ../spark/work/app-20140804213607-0002/3
148M    ../spark/work/app-20140804213607-0002/0
149M    ../spark/work/app-20140804213607-0002/5
149M    ../spark/work/app-20140804213607-0002/4
149M    ../spark/work/app-20140804213607-0002/2
149M    ../spark/work/app-20140804213607-0002/1
889M    ../spark/work/app-20140804213607-0002
4.0K    ../spark/work/app-20140730114005-0017/3
4.0K    ../spark/work/app-20140730114005-0017/0
4.0K    ../spark/work/app-20140730114005-0017/5
4.0K    ../spark/work/app-20140730114005-0017/4
4.0K    ../spark/work/app-20140730114005-0017/2
4.0K    ../spark/work/app-20140730114005-0017/1
28K     ../spark/work/app-20140730114005-0017
147M    ../spark/work/app-20140729163705-0001/3
147M    ../spark/work/app-20140729163705-0001/0
147M    ../spark/work/app-20140729163705-0001/5
147M    ../spark/work/app-20140729163705-0001/4
147M    ../spark/work/app-20140729163705-0001/2
147M    ../spark/work/app-20140729163705-0001/1
879M    ../spark/work/app-20140729163705-0001
147M    ../spark/work/app-20140725154749-0008/3
147M    ../spark/work/app-20140725154749-0008/0
147M    ../spark/work/app-20140725154749-0008/5
147M    ../spark/work/app-20140725154749-0008/4
147M    ../spark/work/app-20140725154749-0008/2
147M    ../spark/work/app-20140725154749-0008/1
879M    ../spark/work/app-20140725154749-0008
8.0K    ../spark/work/app-20140724162107-0003/3
8.0K    ../spark/work/app-20140724162107-0003/0
147M    ../spark/work/app-20140724162107-0003/5
8.0K    ../spark/work/app-20140724162107-0003/4
8.0K    ../spark/work/app-20140724162107-0003/2
8.0K    ../spark/work/app-20140724162107-0003/1
147M    ../spark/work/app-20140724162107-0003
147M    ../spark/work/app-20140724161709-0002/3
147M    ../spark/work/app-20140724161709-0002/0
147M    ../spark/work/app-20140724161709-0002/5
147M    ../spark/work/app-20140724161709-0002/4
147M    ../spark/work/app-20140724161709-0002/2
147M    ../spark/work/app-20140724161709-0002/1
879M    ../spark/work/app-20140724161709-0002
147M    ../spark/work/app-20140724194209-0001/3
147M    ../spark/work/






app-20140724194209-0001/0
147M    ../spark/work/app-20140724194209-0001/5
147M    ../spark/work/app-20140724194209-0001/4
147M    ../spark/work/app-20140724194209-0001/2
147M    ../spark/work/app-20140724194209-0001/1
879M    ../spark/work/app-20140724194209-0001
94G     ../spark/work/
148M	work/app-20140807150328-0056/3
148M	work/app-20140807150328-0056/0
148M	work/app-20140807150328-0056/5
148M	work/app-20140807150328-0056/4
148M	work/app-20140807150328-0056/2
148M	work/app-20140807150328-0056/1
883M	work/app-20140807150328-0056
148M	work/app-20140807143247-0048/3
148M	work/app-20140807143247-0048/0
148M	work/app-20140807143247-0048/5
148M	work/app-20140807143247-0048/4
148M	work/app-20140807143247-0048/2
148M	work/app-20140807143247-0048/1
883M	work/app-20140807143247-0048
148M	work/app-20140806151354-0006/3
148M	work/app-20140806151354-0006/0
8.0K	work/app-20140806151354-0006/5
148M	work/app-20140806151354-0006/4
148M	work/app-20140806151354-0006/2
148M	work/app-20140806151354-0006/1
736M	work/app-20140806151354-0006
148M	work/app-20140811194000-0001/3
77M	work/app-20140811194000-0001/0
78M	work/app-20140811194000-0001/5
148M	work/app-20140811194000-0001/4
72M	work/app-20140811194000-0001/2
67M	work/app-20140811194000-0001/1
587M	work/app-20140811194000-0001
148M	work/app-20140811150319-0085/3
148M	work/app-20140811150319-0085/0
148M	work/app-20140811150319-0085/5
148M	work/app-20140811150319-0085/4
148M	work/app-20140811150319-0085/2
148M	work/app-20140811150319-0085/1
883M	work/app-20140811150319-0085
148M	work/app-20140806170328-0034/3
148M	work/app-20140806170328-0034/0
148M	work/app-20140806170328-0034/5
148M	work/app-20140806170328-0034/4
148M	work/app-20140806170328-0034/2
148M	work/app-20140806170328-0034/1
883M	work/app-20140806170328-0034
148M	work/app-20140811150900-0090/3
148M	work/app-20140811150900-0090/0
148M	work/app-20140811150900-0090/5
148M	work/app-20140811150900-0090/4
148M	work/app-20140811150900-0090/2
148M	work/app-20140811150900-0090/1
883M	work/app-20140811150900-0090
148M	work/app-20140811155901-0001/3
148M	work/app-20140811155901-0001/0
148M	work/app-20140811155901-0001/5
148M	work/app-20140811155901-0001/4
148M	work/app-20140811155901-0001/2
148M	work/app-20140811155901-0001/1
883M	work/app-20140811155901-0001
148M	work/app-20140811160749-0011/3
148M	work/app-20140811160749-0011/0
148M	work/app-20140811160749-0011/5
148M	work/app-20140811160749-0011/4
148M	work/app-20140811160749-0011/2
148M	work/app-20140811160749-0011/1
883M	work/app-20140811160749-0011
8.0K	work/app-20140806150950-0005/3
148M	work/app-20140806150950-0005/0
148M	work/app-20140806150950-0005/5
8.0K	work/app-20140806150950-0005/4
148M	work/app-20140806150950-0005/2
148M	work/app-20140806150950-0005/1
589M	work/app-20140806150950-0005
148M	work/app-20140806145848-0002/3
148M	work/app-20140806145848-0002/0
148M	work/app-20140806145848-0002/5
148M	work/app-20140806145848-0002/4
148M	work/app-20140806145848-0002/2
148M	work/app-20140806145848-0002/1
883M	work/app-20140806145848-0002
148M	work/app-20140806160435-0019/3
148M	work/app-20140806160435-0019/0
148M	work/app-20140806160435-0019/5
148M	work/app-20140806160435-0019/4
148M	work/app-20140806160435-0019/2
148M	work/app-20140806160435-0019/1
883M	work/app-20140806160435-0019
148M	work/app-20140807142151-0037/3
148M	work/app-20140807142151-0037/0
148M	work/app-20140807142151-0037/5
148M	work/app-20140807142151-0037/4
148M	work/app-20140807142151-0037/2
148M	work/app-20140807142151-0037/1
883M	work/app-20140807142151-0037
148M	work/app-20140806165750-0027/3
148M	work/app-20140806165750-0027/0
148M	work/app-20140806165750-0027/5
148M	work/app-20140806165750-0027/4
148M	work/app-20140806165750-0027/2
148M	work/app-20140806165750-0027/1
883M	work/app-20140806165750-0027
148M	work/app-20140811155951-0002/3
148M	work/app-20140811155951-0002/0
148M	work/app-20140811155951-0002/5
148M	work/app-20140811155951-0002/4
148M	work/app-20140811155951-0002/2
148M	work/app-20140811155951-0002/1
883M	work/app-20140811155951-0002
148M	work/app-20140811145451-0078/3
148M	work/app-20140811145451-0078/0
148M	work/app-20140811145451-0078/5
148M	work/app-20140811145451-0078/4
148M	work/app-20140811145451-0078/2
148M	work/app-20140811145451-0078/1
883M	work/app-20140811145451-0078
148M	work/app-20140811193854-0000/3
148M	work/app-20140811193854-0000/0
148M	work/app-20140811193854-0000/5
148M	work/app-20140811193854-0000/4
148M	work/app-20140811193854-0000/2
148M	work/app-20140811193854-0000/1
883M	work/app-20140811193854-0000
148M	work/app-20140807150548-0057/3
148M	work/app-20140807150548-0057/0
148M	work/app-20140807150548-0057/5
148M	work/app-20140807150548-0057/4
148M	work/app-20140807150548-0057/2
148M	work/app-20140807150548-0057/1
883M	work/app-20140807150548-0057
148M	work/app-20140807142338-0039/3
148M	work/app-20140807142338-0039/0
148M	work/app-20140807142338-0039/5
148M	work/app-20140807142338-0039/4
148M	work/app-20140807142338-0039/2
148M	work/app-20140807142338-0039/1
883M	work/app-20140807142338-0039
148M	work/app-20140807151203-0060/3
148M	work/app-20140807151203-0060/0
148M	work/app-20140807151203-0060/5
148M	work/app-20140807151203-0060/4
148M	work/app-20140807151203-0060/2
148M	work/app-20140807151203-0060/1
883M	work/app-20140807151203-0060
148M	work/app-20140811151152-0093/3
148M	work/app-20140811151152-0093/0
148M	work/app-20140811151152-0093/5
148M	work/app-20140811151152-0093/4
148M	work/app-20140811151152-0093/2
148M	work/app-20140811151152-0093/1
883M	work/app-20140811151152-0093
148M	work/app-20140811151100-0092/3
148M	work/app-20140811151100-0092/0
148M	work/app-20140811151100-0092/5
148M	work/app-20140811151100-0092/4
148M	work/app-20140811151100-0092/2
148M	work/app-20140811151100-0092/1
883M	work/app-20140811151100-0092
148M	work/app-20140806160924-0020/3
148M	work/app-20140806160924-0020/0
148M	work/app-20140806160924-0020/5
148M	work/app-20140806160924-0020/4
148M	work/app-20140806160924-0020/2
148M	work/app-20140806160924-0020/1
883M	work/app-20140806160924-0020
148M	work/app-20140811160217-0005/3
148M	work/app-20140811160217-0005/0
148M	work/app-20140811160217-0005/5
148M	work/app-20140811160217-0005/4
148M	work/app-20140811160217-0005/2
148M	work/app-20140811160217-0005/1
883M	work/app-20140811160217-0005
148M	work/app-20140811160701-0010/3
148M	work/app-20140811160701-0010/0
148M	work/app-20140811160701-0010/5
148M	work/app-20140811160701-0010/4
148M	work/app-20140811160701-0010/2
148M	work/app-20140811160701-0010/1
883M	work/app-20140811160701-0010
148M	work/app-20140806150634-0004/3
148M	work/app-20140806150634-0004/0
148M	work/app-20140806150634-0004/5
148M	work/app-20140806150634-0004/4
148M	work/app-20140806150634-0004/2
148M	work/app-20140806150634-0004/1
883M	work/app-20140806150634-0004
148M	work/app-20140807151805-0063/3
148M	work/app-20140807151805-0063/0
148M	work/app-20140807151805-0063/5
148M	work/app-20140807151805-0063/4
148M	work/app-20140807151805-0063/2
148M	work/app-20140807151805-0063/1
883M	work/app-20140807151805-0063
148M	work/app-20140811160034-0003/3
148M	work/app-20140811160034-0003/0
148M	work/app-20140811160034-0003/5
148M	work/app-20140811160034-0003/4
148M	work/app-20140811160034-0003/2
148M	work/app-20140811160034-0003/1
883M	work/app-20140811160034-0003
148M	work/app-20140811160119-0004/3
148M	work/app-20140811160119-0004/0
148M	work/app-20140811160119-0004/5
148M	work/app-20140811160119-0004/4
148M	work/app-20140811160119-0004/2
148M	work/app-20140811160119-0004/1
883M	work/app-20140811160119-0004
12K	work/app-20140808144330-0068/3
12K	work/app-20140808144330-0068/0
148M	work/app-20140808144330-0068/5
12K	work/app-20140808144330-0068/4
148M	work/app-20140808144330-0068/2
12K	work/app-20140808144330-0068/1
295M	work/app-20140808144330-0068
148M	work/app-20140806151759-0007/3
148M	work/app-20140806151759-0007/0
148M	work/app-20140806151759-0007/5
8.0K	work/app-20140806151759-0007/4
148M	work/app-20140806151759-0007/2
148M	work/app-20140806151759-0007/1
736M	work/app-20140806151759-0007
148M	work/app-20140811143347-0069/3
148M	work/app-20140811143347-0069/0
148M	work/app-20140811143347-0069/5
148M	work/app-20140811143347-0069/4
148M	work/app-20140811143347-0069/2
148M	work/app-20140811143347-0069/1
883M	work/app-20140811143347-0069
8.0K	work/app-20140806152213-0008/3
148M	work/app-20140806152213-0008/0
148M	work/app-20140806152213-0008/5
148M	work/app-20140806152213-0008/4
148M	work/app-20140806152213-0008/2
148M	work/app-20140806152213-0008/1
736M	work/app-20140806152213-0008
148M	work/app-20140811145352-0077/3
148M	work/app-20140811145352-0077/0
148M	work/app-20140811145352-0077/5
148M	work/app-20140811145352-0077/4
148M	work/app-20140811145352-0077/2
148M	work/app-20140811145352-0077/1
883M	work/app-20140811145352-0077
148M	work/app-20140811151235-0094/3
148M	work/app-20140811151235-0094/0
148M	work/app-20140811151235-0094/5
148M	work/app-20140811151235-0094/4
148M	work/app-20140811151235-0094/2
148M	work/app-20140811151235-0094/1
883M	work/app-20140811151235-0094
148M	work/app-20140811154332-0097/3
148M	work/app-20140811154332-0097/0
148M	work/app-20140811154332-0097/5
148M	work/app-20140811154332-0097/4
148M	work/app-20140811154332-0097/2
148M	work/app-20140811154332-0097/1
883M	work/app-20140811154332-0097
148M	work/app-20140807145903-0054/3
148M	work/app-20140807145903-0054/0
148M	work/app-20140807145903-0054/5
148M	work/app-20140807145903-0054/4
148M	work/app-20140807145903-0054/2
148M	work/app-20140807145903-0054/1
883M	work/app-20140807145903-0054
148M	work/app-20140811145927-0082/3
148M	work/app-20140811145927-0082/0
148M	work/app-20140811145927-0082/5
148M	work/app-20140811145927-0082/4
148M	work/app-20140811145927-0082/2
148M	work/app-20140811145927-0082/1
883M	work/app-20140811145927-0082
148M	work/app-20140806161647-0022/3
148M	work/app-20140806161647-0022/0
148M	work/app-20140806161647-0022/5
148M	work/app-20140806161647-0022/4
148M	work/app-20140806161647-0022/2
148M	work/app-20140806161647-0022/1
883M	work/app-20140806161647-0022
148M	work/app-20140811143613-0070/3
148M	work/app-20140811143613-0070/0
148M	work/app-20140811143613-0070/5
148M	work/app-20140811143613-0070/4
148M	work/app-20140811143613-0070/2
148M	work/app-20140811143613-0070/1
883M	work/app-20140811143613-0070
148M	work/app-20140807145334-0052/3
148M	work/app-20140807145334-0052/0
148M	work/app-20140807145334-0052/5
148M	work/app-20140807145334-0052/4
148M	work/app-20140807145334-0052/2
148M	work/app-20140807145334-0052/1
883M	work/app-20140807145334-0052
148M	work/app-20140807142803-0043/3
148M	work/app-20140807142803-0043/0
148M	work/app-20140807142803-0043/5
148M	work/app-20140807142803-0043/4
148M	work/app-20140807142803-0043/2
148M	work/app-20140807142803-0043/1
883M	work/app-20140807142803-0043
148M	work/app-20140807151359-0061/3
148M	work/app-20140807151359-0061/0
148M	work/app-20140807151359-0061/5
148M	work/app-20140807151359-0061/4
148M	work/app-20140807151359-0061/2
148M	work/app-20140807151359-0061/1
883M	work/app-20140807151359-0061
148M	work/app-20140806145517-0001/3
148M	work/app-20140806145517-0001/0
148M	work/app-20140806145517-0001/5
148M	work/app-20140806145517-0001/4
148M	work/app-20140806145517-0001/2
148M	work/app-20140806145517-0001/1
883M	work/app-20140806145517-0001
148M	work/app-20140807152001-0064/3
148M	work/app-20140807152001-0064/0
148M	work/app-20140807152001-0064/5
148M	work/app-20140807152001-0064/4
148M	work/app-20140807152001-0064/2
148M	work/app-20140807152001-0064/1
883M	work/app-20140807152001-0064
148M	work/app-20140811163142-0014/3
148M	work/app-20140811163142-0014/0
148M	work/app-20140811163142-0014/5
148M	work/app-20140811163142-0014/4
148M	work/app-20140811163142-0014/2
148M	work/app-20140811163142-0014/1
883M	work/app-20140811163142-0014
148M	work/app-20140811160551-0009/3
148M	work/app-20140811160551-0009/0
148M	work/app-20140811160551-0009/5
148M	work/app-20140811160551-0009/4
148M	work/app-20140811160551-0009/2
148M	work/app-20140811160551-0009/1
883M	work/app-20140811160551-0009
148M	work/app-20140807144303-0050/3
148M	work/app-20140807144303-0050/0
148M	work/app-20140807144303-0050/5
148M	work/app-20140807144303-0050/4
148M	work/app-20140807144303-0050/2
148M	work/app-20140807144303-0050/1
883M	work/app-20140807144303-0050
148M	work/app-20140811151339-0095/3
148M	work/app-20140811151339-0095/0
148M	work/app-20140811151339-0095/5
148M	work/app-20140811151339-0095/4
148M	work/app-20140811151339-0095/2
148M	work/app-20140811151339-0095/1
883M	work/app-20140811151339-0095
148M	work/app-20140806153704-0012/3
148M	work/app-20140806153704-0012/0
148M	work/app-20140806153704-0012/5
148M	work/app-20140806153704-0012/4
148M	work/app-20140806153704-0012/2
148M	work/app-20140806153704-0012/1
883M	work/app-20140806153704-0012
148M	work/app-20140807144845-0051/3
148M	work/app-20140807144845-0051/0
148M	work/app-20140807144845-0051/5
148M	work/app-20140807144845-0051/4
148M	work/app-20140807144845-0051/2
148M	work/app-20140807144845-0051/1
883M	work/app-20140807144845-0051
148M	work/app-20140806165524-0024/3
148M	work/app-20140806165524-0024/0
148M	work/app-20140806165524-0024/5
148M	work/app-20140806165524-0024/4
148M	work/app-20140806165524-0024/2
148M	work/app-20140806165524-0024/1
883M	work/app-20140806165524-0024
148M	work/app-20140806154703-0015/3
148M	work/app-20140806154703-0015/0
148M	work/app-20140806154703-0015/5
148M	work/app-20140806154703-0015/4
148M	work/app-20140806154703-0015/2
148M	work/app-20140806154703-0015/1
883M	work/app-20140806154703-0015
148M	work/app-20140807142021-0036/3
148M	work/app-20140807142021-0036/0
148M	work/app-20140807142021-0036/5
148M	work/app-20140807142021-0036/4
148M	work/app-20140807142021-0036/2
148M	work/app-20140807142021-0036/1
883M	work/app-20140807142021-0036
148M	work/app-20140807141737-0035/3
148M	work/app-20140807141737-0035/0
148M	work/app-20140807141737-0035/5
148M	work/app-20140807141737-0035/4
148M	work/app-20140807141737-0035/2
148M	work/app-20140807141737-0035/1
883M	work/app-20140807141737-0035
8.0K	work/app-20140806155042-0016/3
148M	work/app-20140806155042-0016/0
148M	work/app-20140806155042-0016/5
148M	work/app-20140806155042-0016/4
148M	work/app-20140806155042-0016/2
148M	work/app-20140806155042-0016/1
736M	work/app-20140806155042-0016
148M	work/app-20140811160357-0007/3
148M	work/app-20140811160357-0007/0
148M	work/app-20140811160357-0007/5
148M	work/app-20140811160357-0007/4
148M	work/app-20140811160357-0007/2
148M	work/app-20140811160357-0007/1
883M	work/app-20140811160357-0007
148M	work/app-20140807151602-0062/3
148M	work/app-20140807151602-0062/0
148M	work/app-20140807151602-0062/5
148M	work/app-20140807151602-0062/4
148M	work/app-20140807151602-0062/2
148M	work/app-20140807151602-0062/1
883M	work/app-20140807151602-0062
148M	work/app-20140806165700-0026/3
148M	work/app-20140806165700-0026/0
148M	work/app-20140806165700-0026/5
148M	work/app-20140806165700-0026/4
148M	work/app-20140806165700-0026/2
148M	work/app-20140806165700-0026/1
883M	work/app-20140806165700-0026
148M	work/app-20140807151001-0059/3
148M	work/app-20140807151001-0059/0
148M	work/app-20140807151001-0059/5
148M	work/app-20140807151001-0059/4
148M	work/app-20140807151001-0059/2
148M	work/app-20140807151001-0059/1
883M	work/app-20140807151001-0059
148M	work/app-20140811145133-0075/3
148M	work/app-20140811145133-0075/0
148M	work/app-20140811145133-0075/5
148M	work/app-20140811145133-0075/4
148M	work/app-20140811145133-0075/2
148M	work/app-20140811145133-0075/1
883M	work/app-20140811145133-0075
148M	work/app-20140807142250-0038/3
148M	work/app-20140807142250-0038/0
148M	work/app-20140807142250-0038/5
148M	work/app-20140807142250-0038/4
148M	work/app-20140807142250-0038/2
148M	work/app-20140807142250-0038/1
883M	work/app-20140807142250-0038
148M	work/app-20140811145818-0081/3
148M	work/app-20140811145818-0081/0
148M	work/app-20140811145818-0081/5
148M	work/app-20140811145818-0081/4
148M	work/app-20140811145818-0081/2
148M	work/app-20140811145818-0081/1
883M	work/app-20140811145818-0081
148M	work/app-20140811150757-0089/3
148M	work/app-20140811150757-0089/0
148M	work/app-20140811150757-0089/5
148M	work/app-20140811150757-0089/4
148M	work/app-20140811150757-0089/2
148M	work/app-20140811150757-0089/1
883M	work/app-20140811150757-0089
12K	work/app-20140808144256-0066/3
148M	work/app-20140808144256-0066/0
16K	work/app-20140808144256-0066/5
12K	work/app-20140808144256-0066/4
148M	work/app-20140808144256-0066/2
12K	work/app-20140808144256-0066/1
295M	work/app-20140808144256-0066
148M	work/app-20140807145631-0053/3
148M	work/app-20140807145631-0053/0
148M	work/app-20140807145631-0053/5
148M	work/app-20140807145631-0053/4
148M	work/app-20140807145631-0053/2
148M	work/app-20140807145631-0053/1
883M	work/app-20140807145631-0053
148M	work/app-20140807143159-0047/3
148M	work/app-20140807143159-0047/0
148M	work/app-20140807143159-0047/5
148M	work/app-20140807143159-0047/4
148M	work/app-20140807143159-0047/2
148M	work/app-20140807143159-0047/1
883M	work/app-20140807143159-0047
148M	work/app-20140806161305-0021/3
148M	work/app-20140806161305-0021/0
148M	work/app-20140806161305-0021/5
148M	work/app-20140806161305-0021/4
148M	work/app-20140806161305-0021/2
148M	work/app-20140806161305-0021/1
883M	work/app-20140806161305-0021
148M	work/app-20140807150800-0058/3
148M	work/app-20140807150800-0058/0
148M	work/app-20140807150800-0058/5
148M	work/app-20140807150800-0058/4
148M	work/app-20140807150800-0058/2
148M	work/app-20140807150800-0058/1
883M	work/app-20140807150800-0058
148M	work/app-20140806155933-0018/3
148M	work/app-20140806155933-0018/0
8.0K	work/app-20140806155933-0018/5
148M	work/app-20140806155933-0018/4
148M	work/app-20140806155933-0018/2
148M	work/app-20140806155933-0018/1
736M	work/app-20140806155933-0018
148M	work/app-20140808144310-0067/3
148M	work/app-20140808144310-0067/0
148M	work/app-20140808144310-0067/5
148M	work/app-20140808144310-0067/4
148M	work/app-20140808144310-0067/2
148M	work/app-20140808144310-0067/1
883M	work/app-20140808144310-0067
148M	work/app-20140806165437-0023/3
148M	work/app-20140806165437-0023/0
148M	work/app-20140806165437-0023/5
148M	work/app-20140806165437-0023/4
148M	work/app-20140806165437-0023/2
148M	work/app-20140806165437-0023/1
883M	work/app-20140806165437-0023
148M	work/app-20140806170155-0032/3
148M	work/app-20140806170155-0032/0
148M	work/app-20140806170155-0032/5
148M	work/app-20140806170155-0032/4
148M	work/app-20140806170155-0032/2
148M	work/app-20140806170155-0032/1
883M	work/app-20140806170155-0032
148M	work/app-20140811144123-0071/3
148M	work/app-20140811144123-0071/0
148M	work/app-20140811144123-0071/5
148M	work/app-20140811144123-0071/4
148M	work/app-20140811144123-0071/2
148M	work/app-20140811144123-0071/1
883M	work/app-20140811144123-0071
148M	work/app-20140811155817-0000/3
148M	work/app-20140811155817-0000/0
148M	work/app-20140811155817-0000/5
148M	work/app-20140811155817-0000/4
148M	work/app-20140811155817-0000/2
148M	work/app-20140811155817-0000/1
883M	work/app-20140811155817-0000
148M	work/app-20140811150957-0091/3
148M	work/app-20140811150957-0091/0
148M	work/app-20140811150957-0091/5
148M	work/app-20140811150957-0091/4
148M	work/app-20140811150957-0091/2
148M	work/app-20140811150957-0091/1
883M	work/app-20140811150957-0091
148M	work/app-20140807142506-0040/3
148M	work/app-20140807142506-0040/0
148M	work/app-20140807142506-0040/5
148M	work/app-20140807142506-0040/4
148M	work/app-20140807142506-0040/2
148M	work/app-20140807142506-0040/1
883M	work/app-20140807142506-0040
148M	work/app-20140811145704-0080/3
148M	work/app-20140811145704-0080/0
148M	work/app-20140811145704-0080/5
148M	work/app-20140811145704-0080/4
148M	work/app-20140811145704-0080/2
148M	work/app-20140811145704-0080/1
883M	work/app-20140811145704-0080
8.0K	work/app-20140806154336-0014/3
148M	work/app-20140806154336-0014/0
148M	work/app-20140806154336-0014/5
148M	work/app-20140806154336-0014/4
148M	work/app-20140806154336-0014/2
148M	work/app-20140806154336-0014/1
736M	work/app-20140806154336-0014
148M	work/app-20140807150105-0055/3
148M	work/app-20140807150105-0055/0
148M	work/app-20140807150105-0055/5
148M	work/app-20140807150105-0055/4
148M	work/app-20140807150105-0055/2
148M	work/app-20140807150105-0055/1
883M	work/app-20140807150105-0055
148M	work/app-20140806165841-0028/3
148M	work/app-20140806165841-0028/0
148M	work/app-20140806165841-0028/5
8.0K	work/app-20140806165841-0028/4
148M	work/app-20140806165841-0028/2
148M	work/app-20140806165841-0028/1
736M	work/app-20140806165841-0028
148M	work/app-20140811154445-0098/3
148M	work/app-20140811154445-0098/0
148M	work/app-20140811154445-0098/5
148M	work/app-20140811154445-0098/4
148M	work/app-20140811154445-0098/2
148M	work/app-20140811154445-0098/1
883M	work/app-20140811154445-0098
148M	work/app-20140806170019-0030/3
148M	work/app-20140806170019-0030/0
148M	work/app-20140806170019-0030/5
148M	work/app-20140806170019-0030/4
148M	work/app-20140806170019-0030/2
148M	work/app-20140806170019-0030/1
883M	work/app-20140806170019-0030
148M	work/app-20140811144958-0074/3
148M	work/app-20140811144958-0074/0
148M	work/app-20140811144958-0074/5
148M	work/app-20140811144958-0074/4
148M	work/app-20140811144958-0074/2
148M	work/app-20140811144958-0074/1
883M	work/app-20140811144958-0074
148M	work/app-20140806154000-0013/3
148M	work/app-20140806154000-0013/0
148M	work/app-20140806154000-0013/5
148M	work/app-20140806154000-0013/4
148M	work/app-20140806154000-0013/2
148M	work/app-20140806154000-0013/1
883M	work/app-20140806154000-0013
148M	work/app-20140806165613-0025/3
148M	work/app-20140806165613-0025/0
148M	work/app-20140806165613-0025/5
148M	work/app-20140806165613-0025/4
148M	work/app-20140806165613-0025/2
148M	work/app-20140806165613-0025/1
883M	work/app-20140806165613-0025
148M	work/app-20140806150319-0003/3
148M	work/app-20140806150319-0003/0
148M	work/app-20140806150319-0003/5
148M	work/app-20140806150319-0003/4
148M	work/app-20140806150319-0003/2
148M	work/app-20140806150319-0003/1
883M	work/app-20140806150319-0003
148M	work/app-20140811160443-0008/3
148M	work/app-20140811160443-0008/0
148M	work/app-20140811160443-0008/5
148M	work/app-20140811160443-0008/4
148M	work/app-20140811160443-0008/2
148M	work/app-20140811160443-0008/1
883M	work/app-20140811160443-0008
148M	work/app-20140807143100-0046/3
148M	work/app-20140807143100-0046/0
148M	work/app-20140807143100-0046/5
148M	work/app-20140807143100-0046/4
148M	work/app-20140807143100-0046/2
148M	work/app-20140807143100-0046/1
883M	work/app-20140807143100-0046
148M	work/app-20140806165930-0029/3
148M	work/app-20140806165930-0029/0
148M	work/app-20140806165930-0029/5
148M	work/app-20140806165930-0029/4
148M	work/app-20140806165930-0029/2
148M	work/app-20140806165930-0029/1
883M	work/app-20140806165930-0029
148M	work/app-20140806144006-0000/3
148M	work/app-20140806144006-0000/0
148M	work/app-20140806144006-0000/5
148M	work/app-20140806144006-0000/4
148M	work/app-20140806144006-0000/2
148M	work/app-20140806144006-0000/1
883M	work/app-20140806144006-0000
148M	work/app-20140807142659-0042/3
148M	work/app-20140807142659-0042/0
148M	work/app-20140807142659-0042/5
148M	work/app-20140807142659-0042/4
148M	work/app-20140807142659-0042/2
148M	work/app-20140807142659-0042/1
883M	work/app-20140807142659-0042
148M	work/app-20140811144805-0073/3
148M	work/app-20140811144805-0073/0
148M	work/app-20140811144805-0073/5
148M	work/app-20140811144805-0073/4
148M	work/app-20140811144805-0073/2
148M	work/app-20140811144805-0073/1
883M	work/app-20140811144805-0073
64K	work/app-20140811170011-0000/3
68K	work/app-20140811170011-0000/0
72K	work/app-20140811170011-0000/5
60K	work/app-20140811170011-0000/4
68K	work/app-20140811170011-0000/2
60K	work/app-20140811170011-0000/1
396K	work/app-20140811170011-0000
148M	work/app-20140811145611-0079/3
148M	work/app-20140811145611-0079/0
148M	work/app-20140811145611-0079/5
148M	work/app-20140811145611-0079/4
148M	work/app-20140811145611-0079/2
148M	work/app-20140811145611-0079/1
883M	work/app-20140811145611-0079
148M	work/app-20140811150600-0087/3
148M	work/app-20140811150600-0087/0
148M	work/app-20140811150600-0087/5
148M	work/app-20140811150600-0087/4
148M	work/app-20140811150600-0087/2
148M	work/app-20140811150600-0087/1
883M	work/app-20140811150600-0087
148M	work/app-20140807142605-0041/3
148M	work/app-20140807142605-0041/0
148M	work/app-20140807142605-0041/5
148M	work/app-20140807142605-0041/4
148M	work/app-20140807142605-0041/2
148M	work/app-20140807142605-0041/1
883M	work/app-20140807142605-0041
148M	work/app-20140811150458-0086/3
148M	work/app-20140811150458-0086/0
148M	work/app-20140811150458-0086/5
148M	work/app-20140811150458-0086/4
148M	work/app-20140811150458-0086/2
148M	work/app-20140811150458-0086/1
883M	work/app-20140811150458-0086
148M	work/app-20140811163354-0015/3
148M	work/app-20140811163354-0015/0
148M	work/app-20140811163354-0015/5
148M	work/app-20140811163354-0015/4
148M	work/app-20140811163354-0015/2
148M	work/app-20140811163354-0015/1
883M	work/app-20140811163354-0015
148M	work/app-20140811144443-0072/3
148M	work/app-20140811144443-0072/0
148M	work/app-20140811144443-0072/5
148M	work/app-20140811144443-0072/4
148M	work/app-20140811144443-0072/2
148M	work/app-20140811144443-0072/1
883M	work/app-20140811144443-0072
148M	work/app-20140806170244-0033/3
148M	work/app-20140806170244-0033/0
148M	work/app-20140806170244-0033/5
148M	work/app-20140806170244-0033/4
148M	work/app-20140806170244-0033/2
148M	work/app-20140806170244-0033/1
883M	work/app-20140806170244-0033
148M	work/app-20140806170110-0031/3
148M	work/app-20140806170110-0031/0
148M	work/app-20140806170110-0031/5
148M	work/app-20140806170110-0031/4
148M	work/app-20140806170110-0031/2
148M	work/app-20140806170110-0031/1
883M	work/app-20140806170110-0031
148M	work/app-20140806152626-0009/3
148M	work/app-20140806152626-0009/0
148M	work/app-20140806152626-0009/5
148M	work/app-20140806152626-0009/4
148M	work/app-20140806152626-0009/2
148M	work/app-20140806152626-0009/1
883M	work/app-20140806152626-0009
148M	work/app-20140811160307-0006/3
148M	work/app-20140811160307-0006/0
148M	work/app-20140811160307-0006/5
148M	work/app-20140811160307-0006/4
148M	work/app-20140811160307-0006/2
148M	work/app-20140811160307-0006/1
883M	work/app-20140811160307-0006
148M	work/app-20140807142901-0044/3
148M	work/app-20140807142901-0044/0
148M	work/app-20140807142901-0044/5
148M	work/app-20140807142901-0044/4
148M	work/app-20140807142901-0044/2
148M	work/app-20140807142901-0044/1
883M	work/app-20140807142901-0044
148M	work/app-20140806152924-0010/3
148M	work/app-20140806152924-0010/0
148M	work/app-20140806152924-0010/5
148M	work/app-20140806152924-0010/4
148M	work/app-20140806152924-0010/2
148M	work/app-20140806152924-0010/1
883M	work/app-20140806152924-0010
148M	work/app-20140806153411-0011/3
148M	work/app-20140806153411-0011/0
148M	work/app-20140806153411-0011/5
148M	work/app-20140806153411-0011/4
148M	work/app-20140806153411-0011/2
148M	work/app-20140806153411-0011/1
883M	work/app-20140806153411-0011
148M	work/app-20140807144145-0049/3
148M	work/app-20140807144145-0049/0
148M	work/app-20140807144145-0049/5
148M	work/app-20140807144145-0049/4
148M	work/app-20140807144145-0049/2
148M	work/app-20140807144145-0049/1
883M	work/app-20140807144145-0049
148M	work/app-20140811150658-0088/3
148M	work/app-20140811150658-0088/0
148M	work/app-20140811150658-0088/5
148M	work/app-20140811150658-0088/4
148M	work/app-20140811150658-0088/2
148M	work/app-20140811150658-0088/1
883M	work/app-20140811150658-0088
148M	work/app-20140811154207-0096/3
148M	work/app-20140811154207-0096/0
148M	work/app-20140811154207-0096/5
148M	work/app-20140811154207-0096/4
148M	work/app-20140811154207-0096/2
148M	work/app-20140811154207-0096/1
883M	work/app-20140811154207-0096
148M	work/app-20140806155429-0017/3
148M	work/app-20140806155429-0017/0
148M	work/app-20140806155429-0017/5
148M	work/app-20140806155429-0017/4
148M	work/app-20140806155429-0017/2
148M	work/app-20140806155429-0017/1
883M	work/app-20140806155429-0017
148M	work/app-20140811150159-0084/3
148M	work/app-20140811150159-0084/0
148M	work/app-20140811150159-0084/5
148M	work/app-20140811150159-0084/4
148M	work/app-20140811150159-0084/2
148M	work/app-20140811150159-0084/1
883M	work/app-20140811150159-0084
148M	work/app-20140811161457-0013/3
148M	work/app-20140811161457-0013/0
148M	work/app-20140811161457-0013/5
148M	work/app-20140811161457-0013/4
148M	work/app-20140811161457-0013/2
148M	work/app-20140811161457-0013/1
883M	work/app-20140811161457-0013
148M	work/app-20140811161351-0012/3
148M	work/app-20140811161351-0012/0
148M	work/app-20140811161351-0012/5
148M	work/app-20140811161351-0012/4
148M	work/app-20140811161351-0012/2
148M	work/app-20140811161351-0012/1
883M	work/app-20140811161351-0012
148M	work/app-20140807143007-0045/3
148M	work/app-20140807143007-0045/0
148M	work/app-20140807143007-0045/5
148M	work/app-20140807143007-0045/4
148M	work/app-20140807143007-0045/2
148M	work/app-20140807143007-0045/1
883M	work/app-20140807143007-0045
148M	work/app-20140811150047-0083/3
148M	work/app-20140811150047-0083/0
148M	work/app-20140811150047-0083/5
148M	work/app-20140811150047-0083/4
148M	work/app-20140811150047-0083/2
148M	work/app-20140811150047-0083/1
883M	work/app-20140811150047-0083
148M	work/app-20140811145239-0076/3
148M	work/app-20140811145239-0076/0
148M	work/app-20140811145239-0076/5
148M	work/app-20140811145239-0076/4
148M	work/app-20140811145239-0076/2
148M	work/app-20140811145239-0076/1
883M	work/app-20140811145239-0076
12K	work/app-20140808144241-0065/3
20K	work/app-20140808144241-0065/0
148M	work/app-20140808144241-0065/5
12K	work/app-20140808144241-0065/4
148M	work/app-20140808144241-0065/2
12K	work/app-20140808144241-0065/1
295M	work/app-20140808144241-0065
98G	work/
148M	work/app-20140811194935-0001/3
148M	work/app-20140811194935-0001/0
148M	work/app-20140811194935-0001/5
148M	work/app-20140811194935-0001/4
148M	work/app-20140811194935-0001/2
148M	work/app-20140811194935-0001/1
883M	work/app-20140811194935-0001
148M	work/app-20140812115148-0017/3
148M	work/app-20140812115148-0017/0
148M	work/app-20140812115148-0017/5
148M	work/app-20140812115148-0017/4
148M	work/app-20140812115148-0017/2
148M	work/app-20140812115148-0017/1
883M	work/app-20140812115148-0017
148M	work/app-20140811194825-0000/3
148M	work/app-20140811194825-0000/0
148M	work/app-20140811194825-0000/5
148M	work/app-20140811194825-0000/4
148M	work/app-20140811194825-0000/2
148M	work/app-20140811194825-0000/1
883M	work/app-20140811194825-0000
148M	work/app-20140812115006-0015/3
148M	work/app-20140812115006-0015/0
148M	work/app-20140812115006-0015/5
148M	work/app-20140812115006-0015/4
148M	work/app-20140812115006-0015/2
148M	work/app-20140812115006-0015/1
883M	work/app-20140812115006-0015
148M	work/app-20140812115722-0023/3
148M	work/app-20140812115722-0023/0
148M	work/app-20140812115722-0023/5
148M	work/app-20140812115722-0023/4
148M	work/app-20140812115722-0023/2
148M	work/app-20140812115722-0023/1
883M	work/app-20140812115722-0023
148M	work/app-20140811204715-0013/3
148M	work/app-20140811204715-0013/0
148M	work/app-20140811204715-0013/5
148M	work/app-20140811204715-0013/4
148M	work/app-20140811204715-0013/2
148M	work/app-20140811204715-0013/1
883M	work/app-20140811204715-0013
148M	work/app-20140812114531-0010/3
148M	work/app-20140812114531-0010/0
148M	work/app-20140812114531-0010/5
148M	work/app-20140812114531-0010/4
148M	work/app-20140812114531-0010/2
148M	work/app-20140812114531-0010/1
883M	work/app-20140812114531-0010
148M	work/app-20140811204624-0012/3
148M	work/app-20140811204624-0012/0
148M	work/app-20140811204624-0012/5
148M	work/app-20140811204624-0012/4
148M	work/app-20140811204624-0012/2
148M	work/app-20140811204624-0012/1
883M	work/app-20140811204624-0012
148M	work/app-20140811210005-0016/3
148M	work/app-20140811210005-0016/0
148M	work/app-20140811210005-0016/5
148M	work/app-20140811210005-0016/4
148M	work/app-20140811210005-0016/2
148M	work/app-20140811210005-0016/1
883M	work/app-20140811210005-0016
148M	work/app-20140812114721-0012/3
148M	work/app-20140812114721-0012/0
148M	work/app-20140812114721-0012/5
148M	work/app-20140812114721-0012/4
148M	work/app-20140812114721-0012/2
148M	work/app-20140812114721-0012/1
883M	work/app-20140812114721-0012
148M	work/app-20140812112840-0001/3
148M	work/app-20140812112840-0001/0
148M	work/app-20140812112840-0001/5
148M	work/app-20140812112840-0001/4
148M	work/app-20140812112840-0001/2
148M	work/app-20140812112840-0001/1
883M	work/app-20140812112840-0001
148M	work/app-20140811202504-0000/3
148M	work/app-20140811202504-0000/0
148M	work/app-20140811202504-0000/5
148M	work/app-20140811202504-0000/4
148M	work/app-20140811202504-0000/2
148M	work/app-20140811202504-0000/1
883M	work/app-20140811202504-0000
148M	work/app-20140812120005-0026/3
148M	work/app-20140812120005-0026/0
148M	work/app-20140812120005-0026/5
148M	work/app-20140812120005-0026/4
148M	work/app-20140812120005-0026/2
148M	work/app-20140812120005-0026/1
883M	work/app-20140812120005-0026
148M	work/app-20140812115910-0025/3
148M	work/app-20140812115910-0025/0
148M	work/app-20140812115910-0025/5
148M	work/app-20140812115910-0025/4
148M	work/app-20140812115910-0025/2
148M	work/app-20140812115910-0025/1
883M	work/app-20140812115910-0025
148M	work/app-20140812114355-0008/3
148M	work/app-20140812114355-0008/0
148M	work/app-20140812114355-0008/5
148M	work/app-20140812114355-0008/4
148M	work/app-20140812114355-0008/2
148M	work/app-20140812114355-0008/1
883M	work/app-20140812114355-0008
148M	work/app-20140812114628-0011/3
148M	work/app-20140812114628-0011/0
148M	work/app-20140812114628-0011/5
148M	work/app-20140812114628-0011/4
148M	work/app-20140812114628-0011/2
148M	work/app-20140812114628-0011/1
883M	work/app-20140812114628-0011
148M	work/app-20140812112929-0002/3
148M	work/app-20140812112929-0002/0
148M	work/app-20140812112929-0002/5
148M	work/app-20140812112929-0002/4
148M	work/app-20140812112929-0002/2
148M	work/app-20140812112929-0002/1
883M	work/app-20140812112929-0002
148M	work/app-20140811195905-0000/3
148M	work/app-20140811195905-0000/0
148M	work/app-20140811195905-0000/5
148M	work/app-20140811195905-0000/4
148M	work/app-20140811195905-0000/2
148M	work/app-20140811195905-0000/1
883M	work/app-20140811195905-0000
148M	work/app-20140812092415-0023/3
148M	work/app-20140812092415-0023/0
148M	work/app-20140812092415-0023/5
148M	work/app-20140812092415-0023/4
148M	work/app-20140812092415-0023/2
148M	work/app-20140812092415-0023/1
883M	work/app-20140812092415-0023
148M	work/app-20140812114908-0014/3
148M	work/app-20140812114908-0014/0
148M	work/app-20140812114908-0014/5
148M	work/app-20140812114908-0014/4
148M	work/app-20140812114908-0014/2
148M	work/app-20140812114908-0014/1
883M	work/app-20140812114908-0014
148M	work/app-20140812113017-0003/3
148M	work/app-20140812113017-0003/0
148M	work/app-20140812113017-0003/5
148M	work/app-20140812113017-0003/4
148M	work/app-20140812113017-0003/2
148M	work/app-20140812113017-0003/1
883M	work/app-20140812113017-0003
148M	work/app-20140812092627-0025/3
148M	work/app-20140812092627-0025/0
148M	work/app-20140812092627-0025/5
148M	work/app-20140812092627-0025/4
148M	work/app-20140812092627-0025/2
148M	work/app-20140812092627-0025/1
883M	work/app-20140812092627-0025
148M	work/app-20140811204800-0014/3
148M	work/app-20140811204800-0014/0
148M	work/app-20140811204800-0014/5
148M	work/app-20140811204800-0014/4
148M	work/app-20140811204800-0014/2
148M	work/app-20140811204800-0014/1
883M	work/app-20140811204800-0014
148M	work/app-20140811204142-0006/3
148M	work/app-20140811204142-0006/0
148M	work/app-20140811204142-0006/5
148M	work/app-20140811204142-0006/4
148M	work/app-20140811204142-0006/2
148M	work/app-20140811204142-0006/1
883M	work/app-20140811204142-0006
148M	work/app-20140811204315-0008/3
148M	work/app-20140811204315-0008/0
148M	work/app-20140811204315-0008/5
148M	work/app-20140811204315-0008/4
148M	work/app-20140811204315-0008/2
148M	work/app-20140811204315-0008/1
883M	work/app-20140811204315-0008
148M	work/app-20140812092301-0022/3
148M	work/app-20140812092301-0022/0
148M	work/app-20140812092301-0022/5
148M	work/app-20140812092301-0022/4
148M	work/app-20140812092301-0022/2
148M	work/app-20140812092301-0022/1
883M	work/app-20140812092301-0022
148M	work/app-20140811201326-0000/3
148M	work/app-20140811201326-0000/0
148M	work/app-20140811201326-0000/5
148M	work/app-20140811201326-0000/4
148M	work/app-20140811201326-0000/2
148M	work/app-20140811201326-0000/1
883M	work/app-20140811201326-0000
148M	work/app-20140811204403-0009/3
148M	work/app-20140811204403-0009/0
148M	work/app-20140811204403-0009/5
148M	work/app-20140811204403-0009/4
148M	work/app-20140811204403-0009/2
148M	work/app-20140811204403-0009/1
883M	work/app-20140811204403-0009
148M	work/app-20140812114442-0009/3
148M	work/app-20140812114442-0009/0
148M	work/app-20140812114442-0009/5
148M	work/app-20140812114442-0009/4
148M	work/app-20140812114442-0009/2
148M	work/app-20140812114442-0009/1
883M	work/app-20140812114442-0009
148M	work/app-20140812141036-0027/3
148M	work/app-20140812141036-0027/0
148M	work/app-20140812141036-0027/5
148M	work/app-20140812141036-0027/4
148M	work/app-20140812141036-0027/2
148M	work/app-20140812141036-0027/1
883M	work/app-20140812141036-0027
148M	work/app-20140811203914-0003/3
148M	work/app-20140811203914-0003/0
148M	work/app-20140811203914-0003/5
148M	work/app-20140811203914-0003/4
148M	work/app-20140811203914-0003/2
148M	work/app-20140811203914-0003/1
883M	work/app-20140811203914-0003
148M	work/app-20140811210137-0018/3
148M	work/app-20140811210137-0018/0
148M	work/app-20140811210137-0018/5
148M	work/app-20140811210137-0018/4
148M	work/app-20140811210137-0018/2
148M	work/app-20140811210137-0018/1
883M	work/app-20140811210137-0018
148M	work/app-20140811202909-0002/3
148M	work/app-20140811202909-0002/0
148M	work/app-20140811202909-0002/5
148M	work/app-20140811202909-0002/4
148M	work/app-20140811202909-0002/2
148M	work/app-20140811202909-0002/1
883M	work/app-20140811202909-0002
148M	work/app-20140812092152-0021/3
148M	work/app-20140812092152-0021/0
148M	work/app-20140812092152-0021/5
148M	work/app-20140812092152-0021/4
148M	work/app-20140812092152-0021/2
148M	work/app-20140812092152-0021/1
883M	work/app-20140812092152-0021
148M	work/app-20140811200008-0001/3
148M	work/app-20140811200008-0001/0
148M	work/app-20140811200008-0001/5
148M	work/app-20140811200008-0001/4
148M	work/app-20140811200008-0001/2
148M	work/app-20140811200008-0001/1
883M	work/app-20140811200008-0001
148M	work/app-20140811204227-0007/3
148M	work/app-20140811204227-0007/0
148M	work/app-20140811204227-0007/5
148M	work/app-20140811204227-0007/4
148M	work/app-20140811204227-0007/2
148M	work/app-20140811204227-0007/1
883M	work/app-20140811204227-0007
148M	work/app-20140812092526-0024/3
148M	work/app-20140812092526-0024/0
148M	work/app-20140812092526-0024/5
148M	work/app-20140812092526-0024/4
148M	work/app-20140812092526-0024/2
148M	work/app-20140812092526-0024/1
883M	work/app-20140812092526-0024
148M	work/app-20140811210052-0017/3
148M	work/app-20140811210052-0017/0
148M	work/app-20140811210052-0017/5
148M	work/app-20140811210052-0017/4
148M	work/app-20140811210052-0017/2
148M	work/app-20140811210052-0017/1
883M	work/app-20140811210052-0017
148M	work/app-20140812114305-0007/3
148M	work/app-20140812114305-0007/0
148M	work/app-20140812114305-0007/5
148M	work/app-20140812114305-0007/4
148M	work/app-20140812114305-0007/2
148M	work/app-20140812114305-0007/1
883M	work/app-20140812114305-0007
148M	work/app-20140812113155-0005/3
148M	work/app-20140812113155-0005/0
148M	work/app-20140812113155-0005/5
148M	work/app-20140812113155-0005/4
148M	work/app-20140812113155-0005/2
148M	work/app-20140812113155-0005/1
883M	work/app-20140812113155-0005
148M	work/app-20140811202613-0001/3
148M	work/app-20140811202613-0001/0
148M	work/app-20140811202613-0001/5
148M	work/app-20140811202613-0001/4
148M	work/app-20140811202613-0001/2
148M	work/app-20140811202613-0001/1
883M	work/app-20140811202613-0001
148M	work/app-20140812115431-0020/3
148M	work/app-20140812115431-0020/0
148M	work/app-20140812115431-0020/5
148M	work/app-20140812115431-0020/4
148M	work/app-20140812115431-0020/2
148M	work/app-20140812115431-0020/1
883M	work/app-20140812115431-0020
148M	work/app-20140812092041-0020/3
148M	work/app-20140812092041-0020/0
148M	work/app-20140812092041-0020/5
148M	work/app-20140812092041-0020/4
148M	work/app-20140812092041-0020/2
148M	work/app-20140812092041-0020/1
883M	work/app-20140812092041-0020
148M	work/app-20140811205922-0015/3
148M	work/app-20140811205922-0015/0
148M	work/app-20140811205922-0015/5
148M	work/app-20140811205922-0015/4
148M	work/app-20140811205922-0015/2
148M	work/app-20140811205922-0015/1
883M	work/app-20140811205922-0015
148M	work/app-20140811201437-0001/3
148M	work/app-20140811201437-0001/0
148M	work/app-20140811201437-0001/5
148M	work/app-20140811201437-0001/4
148M	work/app-20140811201437-0001/2
148M	work/app-20140811201437-0001/1
883M	work/app-20140811201437-0001
148M	work/app-20140812115243-0018/3
148M	work/app-20140812115243-0018/0
148M	work/app-20140812115243-0018/5
148M	work/app-20140812115243-0018/4
148M	work/app-20140812115243-0018/2
148M	work/app-20140812115243-0018/1
883M	work/app-20140812115243-0018
148M	work/app-20140812115342-0019/3
148M	work/app-20140812115342-0019/0
148M	work/app-20140812115342-0019/5
148M	work/app-20140812115342-0019/4
148M	work/app-20140812115342-0019/2
148M	work/app-20140812115342-0019/1
883M	work/app-20140812115342-0019
148M	work/app-20140812115524-0021/3
148M	work/app-20140812115524-0021/0
148M	work/app-20140812115524-0021/5
148M	work/app-20140812115524-0021/4
148M	work/app-20140812115524-0021/2
148M	work/app-20140812115524-0021/1
883M	work/app-20140812115524-0021
148M	work/app-20140811210711-0019/3
148M	work/app-20140811210711-0019/0
148M	work/app-20140811210711-0019/5
148M	work/app-20140811210711-0019/4
148M	work/app-20140811210711-0019/2
148M	work/app-20140811210711-0019/1
883M	work/app-20140811210711-0019
148M	work/app-20140812112753-0000/3
148M	work/app-20140812112753-0000/0
148M	work/app-20140812112753-0000/5
148M	work/app-20140812112753-0000/4
148M	work/app-20140812112753-0000/2
148M	work/app-20140812112753-0000/1
883M	work/app-20140812112753-0000
148M	work/app-20140812115100-0016/3
148M	work/app-20140812115100-0016/0
148M	work/app-20140812115100-0016/5
148M	work/app-20140812115100-0016/4
148M	work/app-20140812115100-0016/2
148M	work/app-20140812115100-0016/1
883M	work/app-20140812115100-0016
148M	work/app-20140811203959-0004/3
148M	work/app-20140811203959-0004/0
148M	work/app-20140811203959-0004/5
148M	work/app-20140811203959-0004/4
148M	work/app-20140811203959-0004/2
148M	work/app-20140811203959-0004/1
883M	work/app-20140811203959-0004
148M	work/app-20140811204052-0005/3
148M	work/app-20140811204052-0005/0
148M	work/app-20140811204052-0005/5
148M	work/app-20140811204052-0005/4
148M	work/app-20140811204052-0005/2
148M	work/app-20140811204052-0005/1
883M	work/app-20140811204052-0005
148M	work/app-20140812115820-0024/3
148M	work/app-20140812115820-0024/0
148M	work/app-20140812115820-0024/5
148M	work/app-20140812115820-0024/4
148M	work/app-20140812115820-0024/2
148M	work/app-20140812115820-0024/1
883M	work/app-20140812115820-0024
148M	work/app-20140812114816-0013/3
148M	work/app-20140812114816-0013/0
148M	work/app-20140812114816-0013/5
148M	work/app-20140812114816-0013/4
148M	work/app-20140812114816-0013/2
148M	work/app-20140812114816-0013/1
883M	work/app-20140812114816-0013
148M	work/app-20140812114219-0006/3
148M	work/app-20140812114219-0006/0
148M	work/app-20140812114219-0006/5
148M	work/app-20140812114219-0006/4
148M	work/app-20140812114219-0006/2
148M	work/app-20140812114219-0006/1
883M	work/app-20140812114219-0006
148M	work/app-20140811204538-0011/3
148M	work/app-20140811204538-0011/0
148M	work/app-20140811204538-0011/5
148M	work/app-20140811204538-0011/4
148M	work/app-20140811204538-0011/2
148M	work/app-20140811204538-0011/1
883M	work/app-20140811204538-0011
148M	work/app-20140812115620-0022/3
148M	work/app-20140812115620-0022/0
148M	work/app-20140812115620-0022/5
148M	work/app-20140812115620-0022/4
148M	work/app-20140812115620-0022/2
148M	work/app-20140812115620-0022/1
883M	work/app-20140812115620-0022
148M	work/app-20140812113104-0004/3
148M	work/app-20140812113104-0004/0
148M	work/app-20140812113104-0004/5
148M	work/app-20140812113104-0004/4
148M	work/app-20140812113104-0004/2
148M	work/app-20140812113104-0004/1
883M	work/app-20140812113104-0004
148M	work/app-20140812104753-0000/3
148M	work/app-20140812104753-0000/0
148M	work/app-20140812104753-0000/5
148M	work/app-20140812104753-0000/4
148M	work/app-20140812104753-0000/2
148M	work/app-20140812104753-0000/1
883M	work/app-20140812104753-0000
148M	work/app-20140811204455-0010/3
148M	work/app-20140811204455-0010/0
148M	work/app-20140811204455-0010/5
148M	work/app-20140811204455-0010/4
148M	work/app-20140811204455-0010/2
148M	work/app-20140811204455-0010/1
883M	work/app-20140811204455-0010
53G	work/
